"../../../Engine/Content/EngineMaterials/T_Default_Material_Grid_M.ubulk" 0
"../../../Engine/Content/EngineMaterials/T_Default_Material_Grid_M.uasset" 1
"../../../Engine/Content/EngineMaterials/T_Default_Material_Grid_M.uexp" 2
"../../../Engine/Content/EngineMaterials/T_Default_Material_Grid_N.ubulk" 3
"../../../Engine/Content/EngineMaterials/T_Default_Material_Grid_N.uasset" 4
"../../../Engine/Content/EngineMaterials/T_Default_Material_Grid_N.uexp" 5
"../../../Engine/Content/Functions/Engine_MaterialFunctions01/Opacity/CameraDepthFade.uasset" 6
"../../../Engine/Content/Functions/Engine_MaterialFunctions01/Opacity/CameraDepthFade.uexp" 7
"../../../Engine/Content/EngineMaterials/WorldGridMaterial.uasset" 8
"../../../Engine/Content/EngineMaterials/WorldGridMaterial.uexp" 9
"../../../Engine/Content/ArtTools/RenderToTexture/Meshes/S_1_Unit_Plane.ubulk" 10
"../../../Engine/Content/ArtTools/RenderToTexture/Meshes/S_1_Unit_Plane.uasset" 11
"../../../Engine/Content/ArtTools/RenderToTexture/Meshes/S_1_Unit_Plane.uexp" 12
"../../../Engine/Content/BasicShapes/Plane.ubulk" 13
"../../../Engine/Content/BasicShapes/Plane.uasset" 14
"../../../Engine/Content/BasicShapes/Plane.uexp" 15
"../../../Engine/Content/EngineMaterials/DefaultMaterial.uasset" 16
"../../../Engine/Content/EngineMaterials/DefaultMaterial.uexp" 17
"../../../Engine/Content/BasicShapes/Cylinder.ubulk" 18
"../../../Engine/Content/BasicShapes/Cylinder.uasset" 19
"../../../Engine/Content/BasicShapes/Cylinder.uexp" 20
"../../../Engine/Content/BasicShapes/Cube.ubulk" 21
"../../../Engine/Content/BasicShapes/Cube.uasset" 22
"../../../Engine/Content/BasicShapes/Cube.uexp" 23
"../../../Engine/Content/BasicShapes/Cone.ubulk" 24
"../../../Engine/Content/BasicShapes/Cone.uasset" 25
"../../../Engine/Content/BasicShapes/Cone.uexp" 26
"../../../Engine/Content/EditorLandscapeResources/DefaultAlphaTexture.uasset" 27
"../../../Engine/Content/EditorLandscapeResources/DefaultAlphaTexture.uexp" 28
"../../../Engine/Content/EditorLandscapeResources/DataLayer.uasset" 29
"../../../Engine/Content/EditorLandscapeResources/DataLayer.uexp" 30
"../../../Engine/Content/EditorMaterials/PreviewShadowIndicator.ubulk" 31
"../../../Engine/Content/EditorMaterials/PreviewShadowIndicator.uasset" 32
"../../../Engine/Content/EditorMaterials/PreviewShadowIndicator.uexp" 33
"../../../Engine/Content/EditorMaterials/PreviewShadowIndicatorMaterial.uasset" 34
"../../../Engine/Content/EditorMaterials/PreviewShadowIndicatorMaterial.uexp" 35
"../../../Engine/Content/EditorMaterials/MAT_Groups_Visibility.uasset" 36
"../../../Engine/Content/EditorMaterials/MAT_Groups_Visibility.uexp" 37
"../../../Engine/Content/EditorMaterials/MAT_Groups_Toggle.uasset" 38
"../../../Engine/Content/EditorMaterials/MAT_Groups_Toggle.uexp" 39
"../../../Engine/Content/EditorMaterials/MatineeGroups/MAT_Groups_Vector.uasset" 40
"../../../Engine/Content/EditorMaterials/MatineeGroups/MAT_Groups_Vector.uexp" 41
"../../../Engine/Content/EditorMaterials/MatineeGroups/MAT_Groups_Sound.uasset" 42
"../../../Engine/Content/EditorMaterials/MatineeGroups/MAT_Groups_Sound.uexp" 43
"../../../Engine/Content/EditorMaterials/MatineeGroups/MAT_Groups_Slomo.uasset" 44
"../../../Engine/Content/EditorMaterials/MatineeGroups/MAT_Groups_Slomo.uexp" 45
"../../../Engine/Content/EditorMaterials/MatineeGroups/MAT_Groups_Move.uasset" 46
"../../../Engine/Content/EditorMaterials/MatineeGroups/MAT_Groups_Move.uexp" 47
"../../../Engine/Content/EditorMaterials/MatineeGroups/MAT_Groups_Float.uasset" 48
"../../../Engine/Content/EditorMaterials/MatineeGroups/MAT_Groups_Float.uexp" 49
"../../../Engine/Content/EditorMaterials/MatineeGroups/MAT_Groups_Fade.uasset" 50
"../../../Engine/Content/EditorMaterials/MatineeGroups/MAT_Groups_Fade.uexp" 51
"../../../Engine/Content/EditorMaterials/MatineeGroups/MAT_Groups_Event.uasset" 52
"../../../Engine/Content/EditorMaterials/MatineeGroups/MAT_Groups_Event.uexp" 53
"../../../Engine/Content/EditorMaterials/MatineeGroups/MAT_Groups_Director.uasset" 54
"../../../Engine/Content/EditorMaterials/MatineeGroups/MAT_Groups_Director.uexp" 55
"../../../Engine/Content/EditorMaterials/MatineeGroups/MAT_Groups_AudioMaster.uasset" 56
"../../../Engine/Content/EditorMaterials/MatineeGroups/MAT_Groups_AudioMaster.uexp" 57
"../../../Engine/Content/EditorMaterials/MatineeGroups/MAT_Groups_Anim.uasset" 58
"../../../Engine/Content/EditorMaterials/MatineeGroups/MAT_Groups_Anim.uexp" 59
"../../../Engine/Content/EditorMaterials/ParticleSystems/PSysThumbnail_OOD.ubulk" 60
"../../../Engine/Content/EditorMaterials/ParticleSystems/PSysThumbnail_OOD.uasset" 61
"../../../Engine/Content/EditorMaterials/ParticleSystems/PSysThumbnail_OOD.uexp" 62
"../../../Engine/Content/EditorMaterials/ParticleSystems/PSysThumbnail_NoImage.ubulk" 63
"../../../Engine/Content/EditorMaterials/ParticleSystems/PSysThumbnail_NoImage.uasset" 64
"../../../Engine/Content/EditorMaterials/ParticleSystems/PSysThumbnail_NoImage.uexp" 65
"../../../Engine/Content/EditorMaterials/MatineeGroups/MAT_ColorTrack.uasset" 66
"../../../Engine/Content/EditorMaterials/MatineeGroups/MAT_ColorTrack.uexp" 67
"../../../Engine/Content/Functions/Engine_MaterialFunctions02/Utility/MakeFloat4.uasset" 68
"../../../Engine/Content/Functions/Engine_MaterialFunctions02/Utility/MakeFloat4.uexp" 69
"../../../Engine/Content/Functions/Engine_MaterialFunctions02/Utility/MakeFloat3.uasset" 70
"../../../Engine/Content/Functions/Engine_MaterialFunctions02/Utility/MakeFloat3.uexp" 71
"../../../Engine/Content/Functions/Engine_MaterialFunctions02/Utility/BreakOutFloat3Components.uasset" 72
"../../../Engine/Content/Functions/Engine_MaterialFunctions02/Utility/BreakOutFloat3Components.uexp" 73
"../../../Engine/Content/EditorMaterials/WorldPartition/WorldPartitionSpatialHashGridPreviewMaterial.uasset" 74
"../../../Engine/Content/EditorMaterials/WorldPartition/WorldPartitionSpatialHashGridPreviewMaterial.uexp" 75
"../../../Engine/Content/EditorMaterials/Camera/CineMat.uasset" 76
"../../../Engine/Content/EditorMaterials/Camera/CineMat.uexp" 77
"../../../Engine/Content/EditorMaterials/Camera/MI_CineMat_Rig.uasset" 78
"../../../Engine/Content/EditorMaterials/Camera/MI_CineMat_Rig.uexp" 79
"../../../Engine/Content/EditorMeshes/Camera/SM_RailRig_Track.ubulk" 80
"../../../Engine/Content/EditorMeshes/Camera/SM_RailRig_Track.uasset" 81
"../../../Engine/Content/EditorMeshes/Camera/SM_RailRig_Track.uexp" 82
"../../../Engine/Content/EditorMeshes/Camera/SM_RailRig_Mount.ubulk" 83
"../../../Engine/Content/EditorMeshes/Camera/SM_RailRig_Mount.uasset" 84
"../../../Engine/Content/EditorMeshes/Camera/SM_RailRig_Mount.uexp" 85
"../../../Engine/Content/EditorMeshes/Camera/SM_CraneRig_Mount.ubulk" 86
"../../../Engine/Content/EditorMeshes/Camera/SM_CraneRig_Mount.uasset" 87
"../../../Engine/Content/EditorMeshes/Camera/SM_CraneRig_Mount.uexp" 88
"../../../Engine/Content/EditorMeshes/Camera/SM_CraneRig_Body.ubulk" 89
"../../../Engine/Content/EditorMeshes/Camera/SM_CraneRig_Body.uasset" 90
"../../../Engine/Content/EditorMeshes/Camera/SM_CraneRig_Body.uexp" 91
"../../../Engine/Content/EditorMeshes/Camera/SM_CraneRig_Base.ubulk" 92
"../../../Engine/Content/EditorMeshes/Camera/SM_CraneRig_Base.uasset" 93
"../../../Engine/Content/EditorMeshes/Camera/SM_CraneRig_Base.uexp" 94
"../../../Engine/Content/EditorMeshes/Camera/SM_CraneRig_Arm.ubulk" 95
"../../../Engine/Content/EditorMeshes/Camera/SM_CraneRig_Arm.uasset" 96
"../../../Engine/Content/EditorMeshes/Camera/SM_CraneRig_Arm.uexp" 97
"../../../Engine/Content/EditorResources/S_TriggerSphere.uasset" 98
"../../../Engine/Content/EditorResources/S_TriggerSphere.uexp" 99
"../../../Engine/Content/EditorResources/S_TriggerCapsule.uasset" 100
"../../../Engine/Content/EditorResources/S_TriggerCapsule.uexp" 101
"../../../Engine/Content/EditorResources/S_TriggerBox.uasset" 102
"../../../Engine/Content/EditorResources/S_TriggerBox.uexp" 103
"../../../Engine/Content/EditorResources/S_Trigger.ubulk" 104
"../../../Engine/Content/EditorResources/S_Trigger.uasset" 105
"../../../Engine/Content/EditorResources/S_Trigger.uexp" 106
"../../../Engine/Content/EditorResources/S_Terrain.ubulk" 107
"../../../Engine/Content/EditorResources/S_Terrain.uasset" 108
"../../../Engine/Content/EditorResources/S_Terrain.uexp" 109
"../../../Engine/Content/EditorResources/S_Solver.ubulk" 110
"../../../Engine/Content/EditorResources/S_Solver.uasset" 111
"../../../Engine/Content/EditorResources/S_Solver.uexp" 112
"../../../Engine/Content/EditorResources/S_BoxReflectionCapture.uasset" 113
"../../../Engine/Content/EditorResources/S_BoxReflectionCapture.uexp" 114
"../../../Engine/Content/EditorResources/S_Actor.ubulk" 115
"../../../Engine/Content/EditorResources/S_Actor.uasset" 116
"../../../Engine/Content/EditorResources/S_Actor.uexp" 117
"../../../Engine/Content/EditorResources/BSPVertex.uasset" 118
"../../../Engine/Content/EditorResources/BSPVertex.uexp" 119
"../../../Engine/Content/EditorResources/SequenceRecorder/RecordingIndicator.uasset" 120
"../../../Engine/Content/EditorResources/SequenceRecorder/RecordingIndicator.uexp" 121
"../../../Engine/Content/EditorResources/SequenceRecorder/Countdown.uasset" 122
"../../../Engine/Content/EditorResources/SequenceRecorder/Countdown.uexp" 123
"../../../Engine/Content/EngineDamageTypes/DmgTypeBP_Environmental.uasset" 124
"../../../Engine/Content/EngineDamageTypes/DmgTypeBP_Environmental.uexp" 125
"../../../Engine/Content/Functions/Engine_MaterialFunctions02/Utility/CameraDirectionVector.uasset" 126
"../../../Engine/Content/Functions/Engine_MaterialFunctions02/Utility/CameraDirectionVector.uexp" 127
"../../../Engine/Content/EngineDebugMaterials/VolumeToRender.uasset" 128
"../../../Engine/Content/EngineDebugMaterials/VolumeToRender.uexp" 129
"../../../Engine/Content/EngineDebugMaterials/M_VolumeRenderSphereTracePP.uasset" 130
"../../../Engine/Content/EngineDebugMaterials/M_VolumeRenderSphereTracePP.uexp" 131
"../../../Engine/Content/EngineDebugMaterials/M_SimpleUnlitTranslucent.uasset" 132
"../../../Engine/Content/EngineDebugMaterials/M_SimpleUnlitTranslucent.uexp" 133
"../../../Engine/Content/EngineDebugMaterials/DebugMeshMaterial.uasset" 134
"../../../Engine/Content/EngineDebugMaterials/DebugMeshMaterial.uexp" 135
"../../../Engine/Content/EngineDebugMaterials/DebugEditorMaterial.uasset" 136
"../../../Engine/Content/EngineDebugMaterials/DebugEditorMaterial.uexp" 137
"../../../Engine/Content/EngineFonts/Faces/RobotoLight.uexp" 138
"../../../Engine/Content/EngineFonts/Faces/RobotoLight.uasset" 139
"../../../Engine/Content/EngineFonts/Faces/RobotoLight.ufont" 140
"../../../Engine/Content/EngineFonts/Faces/RobotoBold.uexp" 141
"../../../Engine/Content/EngineFonts/Faces/RobotoBold.uasset" 142
"../../../Engine/Content/EngineFonts/Faces/RobotoBold.ufont" 143
"../../../Engine/Content/EngineFonts/Faces/RobotoRegular.uexp" 144
"../../../Engine/Content/EngineFonts/Faces/RobotoRegular.uasset" 145
"../../../Engine/Content/EngineFonts/Faces/RobotoRegular.ufont" 146
"../../../Engine/Content/EngineFonts/Faces/DroidSansFallback.uexp" 147
"../../../Engine/Content/EngineFonts/Faces/DroidSansFallback.uasset" 148
"../../../Engine/Content/EngineFonts/Faces/DroidSansFallback.ufont" 149
"../../../Engine/Content/EngineFonts/Faces/RobotoItalic.uexp" 150
"../../../Engine/Content/EngineFonts/Faces/RobotoItalic.uasset" 151
"../../../Engine/Content/EngineFonts/Faces/RobotoItalic.ufont" 152
"../../../Engine/Content/EngineFonts/Faces/RobotoBoldItalic.uexp" 153
"../../../Engine/Content/EngineFonts/Faces/RobotoBoldItalic.uasset" 154
"../../../Engine/Content/EngineFonts/Faces/RobotoBoldItalic.ufont" 155
"../../../Engine/Content/EngineFonts/Roboto.uasset" 156
"../../../Engine/Content/EngineFonts/Roboto.uexp" 157
"../../../Engine/Content/EngineResources/WhiteSquareTexture.uasset" 158
"../../../Engine/Content/EngineResources/WhiteSquareTexture.uexp" 159
"../../../Engine/Content/EngineMaterials/Widget3DPassThrough.uasset" 160
"../../../Engine/Content/EngineMaterials/Widget3DPassThrough.uexp" 161
"../../../Engine/Content/EngineMaterials/Widget3DPassThrough_Translucent.uasset" 162
"../../../Engine/Content/EngineMaterials/Widget3DPassThrough_Translucent.uexp" 163
"../../../Engine/Content/EngineMaterials/Widget3DPassThrough_Translucent_OneSided.uasset" 164
"../../../Engine/Content/EngineMaterials/Widget3DPassThrough_Translucent_OneSided.uexp" 165
"../../../Engine/Content/EngineMaterials/Widget3DPassThrough_Opaque.uasset" 166
"../../../Engine/Content/EngineMaterials/Widget3DPassThrough_Opaque.uexp" 167
"../../../Engine/Content/EngineMaterials/Widget3DPassThrough_Opaque_OneSided.uasset" 168
"../../../Engine/Content/EngineMaterials/Widget3DPassThrough_Opaque_OneSided.uexp" 169
"../../../Engine/Content/EngineMaterials/Widget3DPassThrough_Masked_OneSided.uasset" 170
"../../../Engine/Content/EngineMaterials/Widget3DPassThrough_Masked_OneSided.uexp" 171
"../../../Engine/Content/EngineMaterials/Widget3DPassThrough_Masked.uasset" 172
"../../../Engine/Content/EngineMaterials/Widget3DPassThrough_Masked.uexp" 173
"../../../Engine/Content/EngineMaterials/WeightMapPlaceholderTexture.uasset" 174
"../../../Engine/Content/EngineMaterials/WeightMapPlaceholderTexture.uexp" 175
"../../../Engine/Content/EngineMaterials/RemoveSurfaceMaterial.uasset" 176
"../../../Engine/Content/EngineMaterials/RemoveSurfaceMaterial.uexp" 177
"../../../Engine/Content/EngineMaterials/PreintegratedSkinBRDF.uasset" 178
"../../../Engine/Content/EngineMaterials/PreintegratedSkinBRDF.uexp" 179
"../../../Engine/Content/EngineMaterials/DefaultCalibrationGrayscale.uasset" 180
"../../../Engine/Content/EngineMaterials/DefaultCalibrationGrayscale.uexp" 181
"../../../Engine/Content/EngineMaterials/PPM_DefaultCalibrationGrayscale.uasset" 182
"../../../Engine/Content/EngineMaterials/PPM_DefaultCalibrationGrayscale.uexp" 183
"../../../Engine/Content/EngineMaterials/DefaultCalibrationColor.uasset" 184
"../../../Engine/Content/EngineMaterials/DefaultCalibrationColor.uexp" 185
"../../../Engine/Content/EngineMaterials/PPM_DefaultCalibrationColor.uasset" 186
"../../../Engine/Content/EngineMaterials/PPM_DefaultCalibrationColor.uexp" 187
"../../../Engine/Content/EngineMeshes/Sphere.ubulk" 188
"../../../Engine/Content/EngineMeshes/Sphere.uasset" 189
"../../../Engine/Content/EngineMeshes/Sphere.uexp" 190
"../../../Engine/Content/Functions/Engine_MaterialFunctions02/WorldPositionOffset/CameraOffset.uasset" 191
"../../../Engine/Content/Functions/Engine_MaterialFunctions02/WorldPositionOffset/CameraOffset.uexp" 192
"../../../Engine/Content/EngineMaterials/PhAT_JointLimitMaterial.uasset" 193
"../../../Engine/Content/EngineMaterials/PhAT_JointLimitMaterial.uexp" 194
"../../../Engine/Content/EngineMaterials/InvalidLightmapSettings.ubulk" 195
"../../../Engine/Content/EngineMaterials/InvalidLightmapSettings.uasset" 196
"../../../Engine/Content/EngineMaterials/InvalidLightmapSettings.uexp" 197
"../../../Engine/Content/EngineMaterials/M_InvalidLightmapSettings.uasset" 198
"../../../Engine/Content/EngineMaterials/M_InvalidLightmapSettings.uexp" 199
"../../../Engine/Content/EngineMaterials/MiniFont.uasset" 200
"../../../Engine/Content/EngineMaterials/MiniFont.uexp" 201
"../../../Engine/Content/EngineMaterials/Good64x64TilingNoiseHighFreq.uasset" 202
"../../../Engine/Content/EngineMaterials/Good64x64TilingNoiseHighFreq.uexp" 203
"../../../Engine/Content/EngineMaterials/GizmoMaterial.uasset" 204
"../../../Engine/Content/EngineMaterials/GizmoMaterial.uexp" 205
"../../../Engine/Content/EngineMaterials/BaseFlattenEmissiveMap_VT.uasset" 206
"../../../Engine/Content/EngineMaterials/BaseFlattenEmissiveMap_VT.uexp" 207
"../../../Engine/Content/EngineMaterials/BaseFlattenGrayscaleMap_VT.uasset" 208
"../../../Engine/Content/EngineMaterials/BaseFlattenGrayscaleMap_VT.uexp" 209
"../../../Engine/Content/EngineMaterials/BaseFlattenLinearColor_VT.uasset" 210
"../../../Engine/Content/EngineMaterials/BaseFlattenLinearColor_VT.uexp" 211
"../../../Engine/Content/EngineMaterials/Black_1x1_EXR_Texture_VT.uasset" 212
"../../../Engine/Content/EngineMaterials/Black_1x1_EXR_Texture_VT.uexp" 213
"../../../Engine/Content/EngineMaterials/BaseFlattenDiffuseMap_VT.uasset" 214
"../../../Engine/Content/EngineMaterials/BaseFlattenDiffuseMap_VT.uexp" 215
"../../../Engine/Content/EngineMaterials/BaseFlattenNormalMap_VT.uasset" 216
"../../../Engine/Content/EngineMaterials/BaseFlattenNormalMap_VT.uexp" 217
"../../../Engine/Content/EngineMaterials/FlattenMaterial_WS_Normal_VT.uasset" 218
"../../../Engine/Content/EngineMaterials/FlattenMaterial_WS_Normal_VT.uexp" 219
"../../../Engine/Content/EngineMaterials/FlattenMaterial_VT.uasset" 220
"../../../Engine/Content/EngineMaterials/FlattenMaterial_VT.uexp" 221
"../../../Engine/Content/EngineMaterials/BaseFlattenNormalMap.uasset" 222
"../../../Engine/Content/EngineMaterials/BaseFlattenNormalMap.uexp" 223
"../../../Engine/Content/EngineMaterials/BaseFlattenGrayscaleMap.uasset" 224
"../../../Engine/Content/EngineMaterials/BaseFlattenGrayscaleMap.uexp" 225
"../../../Engine/Content/EngineMaterials/BaseFlattenDiffuseMap.uasset" 226
"../../../Engine/Content/EngineMaterials/BaseFlattenDiffuseMap.uexp" 227
"../../../Engine/Content/Functions/Engine_MaterialFunctions02/PivotPainter2/Black_1x1_EXR_Texture.uasset" 228
"../../../Engine/Content/Functions/Engine_MaterialFunctions02/PivotPainter2/Black_1x1_EXR_Texture.uexp" 229
"../../../Engine/Content/EngineMaterials/BaseFlattenEmissiveMap.uasset" 230
"../../../Engine/Content/EngineMaterials/BaseFlattenEmissiveMap.uexp" 231
"../../../Engine/Content/EngineMaterials/BaseFlattenLinearColor.uasset" 232
"../../../Engine/Content/EngineMaterials/BaseFlattenLinearColor.uexp" 233
"../../../Engine/Content/EngineMaterials/FlattenMaterial.uasset" 234
"../../../Engine/Content/EngineMaterials/FlattenMaterial.uexp" 235
"../../../Engine/Content/EngineMaterials/DefaultWhiteGrid_Low.uasset" 236
"../../../Engine/Content/EngineMaterials/DefaultWhiteGrid_Low.uexp" 237
"../../../Engine/Content/EngineMaterials/EmissiveMeshMaterial.uasset" 238
"../../../Engine/Content/EngineMaterials/EmissiveMeshMaterial.uexp" 239
"../../../Engine/Content/EngineMaterials/DefaultWhiteGrid.ubulk" 240
"../../../Engine/Content/EngineMaterials/DefaultWhiteGrid.uasset" 241
"../../../Engine/Content/EngineMaterials/DefaultWhiteGrid.uexp" 242
"../../../Engine/Content/EngineFonts/RobotoDistanceField.uasset" 243
"../../../Engine/Content/EngineFonts/RobotoDistanceField.uexp" 244
"../../../Engine/Content/EngineMaterials/DefaultTextMaterialOpaque.uasset" 245
"../../../Engine/Content/EngineMaterials/DefaultTextMaterialOpaque.uexp" 246
"../../../Engine/Content/EngineMaterials/DefaultDiffuse.ubulk" 247
"../../../Engine/Content/EngineMaterials/DefaultDiffuse.uasset" 248
"../../../Engine/Content/EngineMaterials/DefaultDiffuse.uexp" 249
"../../../Engine/Content/Functions/Engine_MaterialFunctions02/Utility/BreakOutFloat2Components.uasset" 250
"../../../Engine/Content/Functions/Engine_MaterialFunctions02/Utility/BreakOutFloat2Components.uexp" 251
"../../../Engine/Content/EngineMaterials/DefaultPostProcessMaterial.uasset" 252
"../../../Engine/Content/EngineMaterials/DefaultPostProcessMaterial.uexp" 253
"../../../Engine/Content/EngineMaterials/DefaultPhysicalMaterial.uasset" 254
"../../../Engine/Content/EngineMaterials/DefaultPhysicalMaterial.uexp" 255
"../../../Engine/Content/EngineMaterials/DefaultLightFunctionMaterial.uasset" 256
"../../../Engine/Content/EngineMaterials/DefaultLightFunctionMaterial.uexp" 257
"../../../Engine/Content/EngineMaterials/DefaultDestructiblePhysicalMaterial.uasset" 258
"../../../Engine/Content/EngineMaterials/DefaultDestructiblePhysicalMaterial.uexp" 259
"../../../Engine/Content/EngineMaterials/DefaultDeferredDecalMaterial.uasset" 260
"../../../Engine/Content/EngineMaterials/DefaultDeferredDecalMaterial.uexp" 261
"../../../Engine/Content/EngineMaterials/DefaultBokeh.uasset" 262
"../../../Engine/Content/EngineMaterials/DefaultBokeh.uexp" 263
"../../../Engine/Content/EngineMaterials/DefaultBloomKernel.uasset" 264
"../../../Engine/Content/EngineMaterials/DefaultBloomKernel.uexp" 265
"../../../Engine/Content/EngineMaterials/BlueNoise.uasset" 266
"../../../Engine/Content/EngineMaterials/BlueNoise.uexp" 267
"../../../Engine/Content/EngineResources/GradientTexture0.uasset" 268
"../../../Engine/Content/EngineResources/GradientTexture0.uexp" 269
"../../../Engine/Content/EngineResources/DefaultVolumeTexture2D.uasset" 270
"../../../Engine/Content/EngineResources/DefaultVolumeTexture2D.uexp" 271
"../../../Engine/Content/EngineResources/DefaultVolumeTexture.uasset" 272
"../../../Engine/Content/EngineResources/DefaultVolumeTexture.uexp" 273
"../../../Engine/Content/EngineResources/DefaultTextureCube.uasset" 274
"../../../Engine/Content/EngineResources/DefaultTextureCube.uexp" 275
"../../../Engine/Content/EngineResources/DefaultTexture.ubulk" 276
"../../../Engine/Content/EngineResources/DefaultTexture.uasset" 277
"../../../Engine/Content/EngineResources/DefaultTexture.uexp" 278
"../../../Engine/Content/EngineResources/Black.uasset" 279
"../../../Engine/Content/EngineResources/Black.uexp" 280
"../../../Engine/Content/EngineResources/FilmGrains/Marcie_Grain_v3_128_M2_000.uasset" 281
"../../../Engine/Content/EngineResources/FilmGrains/Marcie_Grain_v3_128_M2_000.uexp" 282
"../../../Engine/Content/EngineSky/VolumetricClouds/CloudWeatherTexture.uasset" 283
"../../../Engine/Content/EngineSky/VolumetricClouds/CloudWeatherTexture.uexp" 284
"../../../Engine/Content/Functions/Engine_MaterialFunctions02/Utility/MakeFloat2.uasset" 285
"../../../Engine/Content/Functions/Engine_MaterialFunctions02/Utility/MakeFloat2.uexp" 286
"../../../Engine/Content/EngineSky/VolumetricClouds/CloudGradientTexture.uasset" 287
"../../../Engine/Content/EngineSky/VolumetricClouds/CloudGradientTexture.uexp" 288
"../../../Engine/Content/EngineSky/VolumetricClouds/T_NoiseShape64.ubulk" 289
"../../../Engine/Content/EngineSky/VolumetricClouds/T_NoiseShape64.uasset" 290
"../../../Engine/Content/EngineSky/VolumetricClouds/T_NoiseShape64.uexp" 291
"../../../Engine/Content/EngineSky/VolumetricClouds/T_VolumeNoiseShape64.uasset" 292
"../../../Engine/Content/EngineSky/VolumetricClouds/T_VolumeNoiseShape64.uexp" 293
"../../../Engine/Content/EngineSky/VolumetricClouds/T_NoiseErosion.ubulk" 294
"../../../Engine/Content/EngineSky/VolumetricClouds/T_NoiseErosion.uasset" 295
"../../../Engine/Content/EngineSky/VolumetricClouds/T_NoiseErosion.uexp" 296
"../../../Engine/Content/EngineSky/VolumetricClouds/T_VolumeNoiseErosion32.uasset" 297
"../../../Engine/Content/EngineSky/VolumetricClouds/T_VolumeNoiseErosion32.uexp" 298
"../../../Engine/Content/EngineSky/VolumetricClouds/m_SimpleVolumetricCloud.uasset" 299
"../../../Engine/Content/EngineSky/VolumetricClouds/m_SimpleVolumetricCloud.uexp" 300
"../../../Engine/Content/EngineSky/VolumetricClouds/m_SimpleVolumetricCloud_Inst.uasset" 301
"../../../Engine/Content/EngineSky/VolumetricClouds/m_SimpleVolumetricCloud_Inst.uexp" 302
"../../../Engine/Content/EngineSounds/Master.uasset" 303
"../../../Engine/Content/EngineSounds/Master.uexp" 304
"../../../Engine/Content/Functions/Engine_MaterialFunctions01/Shading/PowerToRoughness.uasset" 305
"../../../Engine/Content/Functions/Engine_MaterialFunctions01/Shading/PowerToRoughness.uexp" 306
"../../../Engine/Content/Functions/Engine_MaterialFunctions01/Shading/ConvertFromDiffSpec.uasset" 307
"../../../Engine/Content/Functions/Engine_MaterialFunctions01/Shading/ConvertFromDiffSpec.uexp" 308
"../../../Engine/Content/MobileResources/HUD/VirtualJoystick_Background.uasset" 309
"../../../Engine/Content/MobileResources/HUD/VirtualJoystick_Background.uexp" 310
"../../../Engine/Content/MobileResources/HUD/VirtualJoystick_Thumb.uasset" 311
"../../../Engine/Content/MobileResources/HUD/VirtualJoystick_Thumb.uexp" 312
"../../../Engine/Content/MobileResources/HUD/DefaultVirtualJoysticks.uasset" 313
"../../../Engine/Content/MobileResources/HUD/DefaultVirtualJoysticks.uexp" 314
"../../../Engine/Content/Tutorial/ContentIntroCurve.uasset" 315
"../../../Engine/Content/Tutorial/ContentIntroCurve.uexp" 316
"../../../Engine/Content/VREditor/TransformGizmo/Main.uasset" 317
"../../../Engine/Content/VREditor/TransformGizmo/Main.uexp" 318
"../../../Engine/Content/VREditor/TransformGizmo/Xray.uasset" 319
"../../../Engine/Content/VREditor/TransformGizmo/Xray.uexp" 320
"../../../Engine/Content/VREditor/TransformGizmo/SM_Sequencer_Node.ubulk" 321
"../../../Engine/Content/VREditor/TransformGizmo/SM_Sequencer_Node.uasset" 322
"../../../Engine/Content/VREditor/TransformGizmo/SM_Sequencer_Node.uexp" 323
"../../../Engine/Content/VREditor/LaserPointer/VR_LaserPower_01.ubulk" 324
"../../../Engine/Content/VREditor/LaserPointer/VR_LaserPower_01.uasset" 325
"../../../Engine/Content/VREditor/LaserPointer/VR_LaserPower_01.uexp" 326
"../../../Engine/Content/VREditor/TransformGizmo/TransformGizmoMaterial.uasset" 327
"../../../Engine/Content/VREditor/TransformGizmo/TransformGizmoMaterial.uexp" 328
"../../../Engine/Content/VREditor/TransformGizmo/TranslucentTransformGizmoMaterial.uasset" 329
"../../../Engine/Content/VREditor/TransformGizmo/TranslucentTransformGizmoMaterial.uexp" 330
"../../../Engine/Content/VREditor/TransformGizmo/PlaneTranslationHandle.ubulk" 331
"../../../Engine/Content/VREditor/TransformGizmo/PlaneTranslationHandle.uasset" 332
"../../../Engine/Content/VREditor/TransformGizmo/PlaneTranslationHandle.uexp" 333
"../../../Engine/Content/VREditor/TransformGizmo/BoundingBoxEdge.ubulk" 334
"../../../Engine/Content/VREditor/TransformGizmo/BoundingBoxEdge.uasset" 335
"../../../Engine/Content/VREditor/TransformGizmo/BoundingBoxEdge.uexp" 336
"../../../Engine/Content/VREditor/TransformGizmo/BoundingBoxCorner.ubulk" 337
"../../../Engine/Content/VREditor/TransformGizmo/BoundingBoxCorner.uasset" 338
"../../../Engine/Content/VREditor/TransformGizmo/BoundingBoxCorner.uexp" 339
"../../../Engine/Plugins/2D/Paper2D/Content/PlaceholderTextures/DummySpriteTexture.ubulk" 340
"../../../Engine/Plugins/2D/Paper2D/Content/PlaceholderTextures/DummySpriteTexture.uasset" 341
"../../../Engine/Plugins/2D/Paper2D/Content/PlaceholderTextures/DummySpriteTexture.uexp" 342
"../../../Engine/Plugins/2D/Paper2D/Content/DefaultSpriteMaterial.uasset" 343
"../../../Engine/Plugins/2D/Paper2D/Content/DefaultSpriteMaterial.uexp" 344
"../../../Engine/Plugins/2D/Paper2D/Content/OpaqueUnlitSpriteMaterial.uasset" 345
"../../../Engine/Plugins/2D/Paper2D/Content/OpaqueUnlitSpriteMaterial.uexp" 346
"../../../Engine/Plugins/2D/Paper2D/Content/MaskedUnlitSpriteMaterial.uasset" 347
"../../../Engine/Plugins/2D/Paper2D/Content/MaskedUnlitSpriteMaterial.uexp" 348
"../../../Engine/Plugins/2D/Paper2D/Content/DummySprite.uasset" 349
"../../../Engine/Plugins/2D/Paper2D/Content/DummySprite.uexp" 350
"../../../Engine/Plugins/2D/Paper2D/Content/DefaultPaperTerrainMaterial.uasset" 351
"../../../Engine/Plugins/2D/Paper2D/Content/DefaultPaperTerrainMaterial.uexp" 352
"../../../Engine/Plugins/Animation/ControlRig/Content/M_Manip.uasset" 353
"../../../Engine/Plugins/Animation/ControlRig/Content/M_Manip.uexp" 354
"../../../Engine/Plugins/Animation/ControlRig/Content/Controls/DefaultGizmoLibraryNormalized.uasset" 355
"../../../Engine/Plugins/Animation/ControlRig/Content/Controls/DefaultGizmoLibraryNormalized.uexp" 356
"../../../Engine/Plugins/Animation/ControlRig/Content/Controls/ControlRig_Wedge_solid.ubulk" 357
"../../../Engine/Plugins/Animation/ControlRig/Content/Controls/ControlRig_Wedge_solid.uasset" 358
"../../../Engine/Plugins/Animation/ControlRig/Content/Controls/ControlRig_Wedge_solid.uexp" 359
"../../../Engine/Plugins/Animation/ControlRig/Content/Controls/ControlRig_Wedge_3mm.ubulk" 360
"../../../Engine/Plugins/Animation/ControlRig/Content/Controls/ControlRig_Wedge_3mm.uasset" 361
"../../../Engine/Plugins/Animation/ControlRig/Content/Controls/ControlRig_Wedge_3mm.uexp" 362
"../../../Engine/Plugins/Animation/ControlRig/Content/Controls/ControlRig_Wedge_1mm.ubulk" 363
"../../../Engine/Plugins/Animation/ControlRig/Content/Controls/ControlRig_Wedge_1mm.uasset" 364
"../../../Engine/Plugins/Animation/ControlRig/Content/Controls/ControlRig_Wedge_1mm.uexp" 365
"../../../Engine/Plugins/Animation/ControlRig/Content/Controls/ControlRig_Triangle_solid.ubulk" 366
"../../../Engine/Plugins/Animation/ControlRig/Content/Controls/ControlRig_Triangle_solid.uasset" 367
"../../../Engine/Plugins/Animation/ControlRig/Content/Controls/ControlRig_Triangle_solid.uexp" 368
"../../../Engine/Plugins/Animation/ControlRig/Content/Controls/ControlRig_Triangle_3mm.ubulk" 369
"../../../Engine/Plugins/Animation/ControlRig/Content/Controls/ControlRig_Triangle_3mm.uasset" 370
"../../../Engine/Plugins/Animation/ControlRig/Content/Controls/ControlRig_Triangle_3mm.uexp" 371
"../../../Engine/Plugins/Animation/ControlRig/Content/Controls/ControlRig_Triangle_1mm.ubulk" 372
"../../../Engine/Plugins/Animation/ControlRig/Content/Controls/ControlRig_Triangle_1mm.uasset" 373
"../../../Engine/Plugins/Animation/ControlRig/Content/Controls/ControlRig_Triangle_1mm.uexp" 374
"../../../Engine/Plugins/Animation/ControlRig/Content/Controls/ControlRig_Star4_solid.ubulk" 375
"../../../Engine/Plugins/Animation/ControlRig/Content/Controls/ControlRig_Star4_solid.uasset" 376
"../../../Engine/Plugins/Animation/ControlRig/Content/Controls/ControlRig_Star4_solid.uexp" 377
"../../../Engine/Plugins/Animation/ControlRig/Content/Controls/ControlRig_Star4_3mm.ubulk" 378
"../../../Engine/Plugins/Animation/ControlRig/Content/Controls/ControlRig_Star4_3mm.uasset" 379
"../../../Engine/Plugins/Animation/ControlRig/Content/Controls/ControlRig_Star4_3mm.uexp" 380
"../../../Engine/Plugins/Animation/ControlRig/Content/Controls/ControlRig_Star4_1mm.ubulk" 381
"../../../Engine/Plugins/Animation/ControlRig/Content/Controls/ControlRig_Star4_1mm.uasset" 382
"../../../Engine/Plugins/Animation/ControlRig/Content/Controls/ControlRig_Star4_1mm.uexp" 383
"../../../Engine/Plugins/Animation/ControlRig/Content/Controls/ControlRig_Square_solid.ubulk" 384
"../../../Engine/Plugins/Animation/ControlRig/Content/Controls/ControlRig_Square_solid.uasset" 385
"../../../Engine/Plugins/Animation/ControlRig/Content/Controls/ControlRig_Square_solid.uexp" 386
"../../../Engine/Plugins/Animation/ControlRig/Content/Controls/ControlRig_Square_3mm.ubulk" 387
"../../../Engine/Plugins/Animation/ControlRig/Content/Controls/ControlRig_Square_3mm.uasset" 388
"../../../Engine/Plugins/Animation/ControlRig/Content/Controls/ControlRig_Square_3mm.uexp" 389
"../../../Engine/Plugins/Animation/ControlRig/Content/Controls/ControlRig_Square_1mm.ubulk" 390
"../../../Engine/Plugins/Animation/ControlRig/Content/Controls/ControlRig_Square_1mm.uasset" 391
"../../../Engine/Plugins/Animation/ControlRig/Content/Controls/ControlRig_Square_1mm.uexp" 392
"../../../Engine/Plugins/Animation/ControlRig/Content/Controls/ControlRig_Sphere_solid.ubulk" 393
"../../../Engine/Plugins/Animation/ControlRig/Content/Controls/ControlRig_Sphere_solid.uasset" 394
"../../../Engine/Plugins/Animation/ControlRig/Content/Controls/ControlRig_Sphere_solid.uexp" 395
"../../../Engine/Plugins/Animation/ControlRig/Content/Controls/ControlRig_Sphere_3mm.ubulk" 396
"../../../Engine/Plugins/Animation/ControlRig/Content/Controls/ControlRig_Sphere_3mm.uasset" 397
"../../../Engine/Plugins/Animation/ControlRig/Content/Controls/ControlRig_Sphere_3mm.uexp" 398
"../../../Engine/Plugins/Animation/ControlRig/Content/Controls/ControlRig_Sphere_1mm.ubulk" 399
"../../../Engine/Plugins/Animation/ControlRig/Content/Controls/ControlRig_Sphere_1mm.uasset" 400
"../../../Engine/Plugins/Animation/ControlRig/Content/Controls/ControlRig_Sphere_1mm.uexp" 401
"../../../Engine/Plugins/Animation/ControlRig/Content/Controls/ControlRig_RoundedTriangle_solid.ubulk" 402
"../../../Engine/Plugins/Animation/ControlRig/Content/Controls/ControlRig_RoundedTriangle_solid.uasset" 403
"../../../Engine/Plugins/Animation/ControlRig/Content/Controls/ControlRig_RoundedTriangle_solid.uexp" 404
"../../../Engine/Plugins/Animation/ControlRig/Content/Controls/ControlRig_RoundedTriangle_3mm.ubulk" 405
"../../../Engine/Plugins/Animation/ControlRig/Content/Controls/ControlRig_RoundedTriangle_3mm.uasset" 406
"../../../Engine/Plugins/Animation/ControlRig/Content/Controls/ControlRig_RoundedTriangle_3mm.uexp" 407
"../../../Engine/Plugins/Animation/ControlRig/Content/Controls/ControlRig_RoundedTriangle_1mm.ubulk" 408
"../../../Engine/Plugins/Animation/ControlRig/Content/Controls/ControlRig_RoundedTriangle_1mm.uasset" 409
"../../../Engine/Plugins/Animation/ControlRig/Content/Controls/ControlRig_RoundedTriangle_1mm.uexp" 410
"../../../Engine/Plugins/Animation/ControlRig/Content/Controls/ControlRig_RoundedSquare_solid.ubulk" 411
"../../../Engine/Plugins/Animation/ControlRig/Content/Controls/ControlRig_RoundedSquare_solid.uasset" 412
"../../../Engine/Plugins/Animation/ControlRig/Content/Controls/ControlRig_RoundedSquare_solid.uexp" 413
"../../../Engine/Plugins/Animation/ControlRig/Content/Controls/ControlRig_RoundedSquare_3mm.ubulk" 414
"../../../Engine/Plugins/Animation/ControlRig/Content/Controls/ControlRig_RoundedSquare_3mm.uasset" 415
"../../../Engine/Plugins/Animation/ControlRig/Content/Controls/ControlRig_RoundedSquare_3mm.uexp" 416
"../../../Engine/Plugins/Animation/ControlRig/Content/Controls/ControlRig_RoundedSquare_1mm.ubulk" 417
"../../../Engine/Plugins/Animation/ControlRig/Content/Controls/ControlRig_RoundedSquare_1mm.uasset" 418
"../../../Engine/Plugins/Animation/ControlRig/Content/Controls/ControlRig_RoundedSquare_1mm.uexp" 419
"../../../Engine/Plugins/Animation/ControlRig/Content/Controls/ControlRig_QuarterCircle_solid.ubulk" 420
"../../../Engine/Plugins/Animation/ControlRig/Content/Controls/ControlRig_QuarterCircle_solid.uasset" 421
"../../../Engine/Plugins/Animation/ControlRig/Content/Controls/ControlRig_QuarterCircle_solid.uexp" 422
"../../../Engine/Plugins/Animation/ControlRig/Content/Controls/ControlRig_QuarterCircle_3mm.ubulk" 423
"../../../Engine/Plugins/Animation/ControlRig/Content/Controls/ControlRig_QuarterCircle_3mm.uasset" 424
"../../../Engine/Plugins/Animation/ControlRig/Content/Controls/ControlRig_QuarterCircle_3mm.uexp" 425
"../../../Engine/Plugins/Animation/ControlRig/Content/Controls/ControlRig_QuarterCircle_1mm.ubulk" 426
"../../../Engine/Plugins/Animation/ControlRig/Content/Controls/ControlRig_QuarterCircle_1mm.uasset" 427
"../../../Engine/Plugins/Animation/ControlRig/Content/Controls/ControlRig_QuarterCircle_1mm.uexp" 428
"../../../Engine/Plugins/Animation/ControlRig/Content/Controls/ControlRig_Pyramid_solid.ubulk" 429
"../../../Engine/Plugins/Animation/ControlRig/Content/Controls/ControlRig_Pyramid_solid.uasset" 430
"../../../Engine/Plugins/Animation/ControlRig/Content/Controls/ControlRig_Pyramid_solid.uexp" 431
"../../../Engine/Plugins/Animation/ControlRig/Content/Controls/ControlRig_Pyramid_3mm.ubulk" 432
"../../../Engine/Plugins/Animation/ControlRig/Content/Controls/ControlRig_Pyramid_3mm.uasset" 433
"../../../Engine/Plugins/Animation/ControlRig/Content/Controls/ControlRig_Pyramid_3mm.uexp" 434
"../../../Engine/Plugins/Animation/ControlRig/Content/Controls/ControlRig_Pyramid_1mm.ubulk" 435
"../../../Engine/Plugins/Animation/ControlRig/Content/Controls/ControlRig_Pyramid_1mm.uasset" 436
"../../../Engine/Plugins/Animation/ControlRig/Content/Controls/ControlRig_Pyramid_1mm.uexp" 437
"../../../Engine/Plugins/Animation/ControlRig/Content/Controls/ControlRig_Octagon_solid.ubulk" 438
"../../../Engine/Plugins/Animation/ControlRig/Content/Controls/ControlRig_Octagon_solid.uasset" 439
"../../../Engine/Plugins/Animation/ControlRig/Content/Controls/ControlRig_Octagon_solid.uexp" 440
"../../../Engine/Plugins/Animation/ControlRig/Content/Controls/ControlRig_Octagon_3mm.ubulk" 441
"../../../Engine/Plugins/Animation/ControlRig/Content/Controls/ControlRig_Octagon_3mm.uasset" 442
"../../../Engine/Plugins/Animation/ControlRig/Content/Controls/ControlRig_Octagon_3mm.uexp" 443
"../../../Engine/Plugins/Animation/ControlRig/Content/Controls/ControlRig_Octagon_1mm.ubulk" 444
"../../../Engine/Plugins/Animation/ControlRig/Content/Controls/ControlRig_Octagon_1mm.uasset" 445
"../../../Engine/Plugins/Animation/ControlRig/Content/Controls/ControlRig_Octagon_1mm.uexp" 446
"../../../Engine/Plugins/Animation/ControlRig/Content/Controls/ControlRig_Hexagon_solid.ubulk" 447
"../../../Engine/Plugins/Animation/ControlRig/Content/Controls/ControlRig_Hexagon_solid.uasset" 448
"../../../Engine/Plugins/Animation/ControlRig/Content/Controls/ControlRig_Hexagon_solid.uexp" 449
"../../../Engine/Plugins/Animation/ControlRig/Content/Controls/ControlRig_Hexagon_3mm.ubulk" 450
"../../../Engine/Plugins/Animation/ControlRig/Content/Controls/ControlRig_Hexagon_3mm.uasset" 451
"../../../Engine/Plugins/Animation/ControlRig/Content/Controls/ControlRig_Hexagon_3mm.uexp" 452
"../../../Engine/Plugins/Animation/ControlRig/Content/Controls/ControlRig_Hexagon_1mm.ubulk" 453
"../../../Engine/Plugins/Animation/ControlRig/Content/Controls/ControlRig_Hexagon_1mm.uasset" 454
"../../../Engine/Plugins/Animation/ControlRig/Content/Controls/ControlRig_Hexagon_1mm.uexp" 455
"../../../Engine/Plugins/Animation/ControlRig/Content/Controls/ControlRig_HalfCircle_solid.ubulk" 456
"../../../Engine/Plugins/Animation/ControlRig/Content/Controls/ControlRig_HalfCircle_solid.uasset" 457
"../../../Engine/Plugins/Animation/ControlRig/Content/Controls/ControlRig_HalfCircle_solid.uexp" 458
"../../../Engine/Plugins/Animation/ControlRig/Content/Controls/ControlRig_HalfCircle_3mm.ubulk" 459
"../../../Engine/Plugins/Animation/ControlRig/Content/Controls/ControlRig_HalfCircle_3mm.uasset" 460
"../../../Engine/Plugins/Animation/ControlRig/Content/Controls/ControlRig_HalfCircle_3mm.uexp" 461
"../../../Engine/Plugins/Animation/ControlRig/Content/Controls/ControlRig_HalfCircle_1mm.ubulk" 462
"../../../Engine/Plugins/Animation/ControlRig/Content/Controls/ControlRig_HalfCircle_1mm.uasset" 463
"../../../Engine/Plugins/Animation/ControlRig/Content/Controls/ControlRig_HalfCircle_1mm.uexp" 464
"../../../Engine/Plugins/Animation/ControlRig/Content/Controls/ControlRig_Diamond_solid.ubulk" 465
"../../../Engine/Plugins/Animation/ControlRig/Content/Controls/ControlRig_Diamond_solid.uasset" 466
"../../../Engine/Plugins/Animation/ControlRig/Content/Controls/ControlRig_Diamond_solid.uexp" 467
"../../../Engine/Plugins/Animation/ControlRig/Content/Controls/ControlRig_Diamond_3mm.ubulk" 468
"../../../Engine/Plugins/Animation/ControlRig/Content/Controls/ControlRig_Diamond_3mm.uasset" 469
"../../../Engine/Plugins/Animation/ControlRig/Content/Controls/ControlRig_Diamond_3mm.uexp" 470
"../../../Engine/Plugins/Animation/ControlRig/Content/Controls/ControlRig_Diamond_1mm.ubulk" 471
"../../../Engine/Plugins/Animation/ControlRig/Content/Controls/ControlRig_Diamond_1mm.uasset" 472
"../../../Engine/Plugins/Animation/ControlRig/Content/Controls/ControlRig_Diamond_1mm.uexp" 473
"../../../Engine/Plugins/Animation/ControlRig/Content/Controls/ControlRig_Circle_solid.ubulk" 474
"../../../Engine/Plugins/Animation/ControlRig/Content/Controls/ControlRig_Circle_solid.uasset" 475
"../../../Engine/Plugins/Animation/ControlRig/Content/Controls/ControlRig_Circle_solid.uexp" 476
"../../../Engine/Plugins/Animation/ControlRig/Content/Controls/ControlRig_Circle_3mm.ubulk" 477
"../../../Engine/Plugins/Animation/ControlRig/Content/Controls/ControlRig_Circle_3mm.uasset" 478
"../../../Engine/Plugins/Animation/ControlRig/Content/Controls/ControlRig_Circle_3mm.uexp" 479
"../../../Engine/Plugins/Animation/ControlRig/Content/Controls/ControlRig_Circle_1mm.ubulk" 480
"../../../Engine/Plugins/Animation/ControlRig/Content/Controls/ControlRig_Circle_1mm.uasset" 481
"../../../Engine/Plugins/Animation/ControlRig/Content/Controls/ControlRig_Circle_1mm.uexp" 482
"../../../Engine/Plugins/Animation/ControlRig/Content/Controls/ControlRig_Box_solid.ubulk" 483
"../../../Engine/Plugins/Animation/ControlRig/Content/Controls/ControlRig_Box_solid.uasset" 484
"../../../Engine/Plugins/Animation/ControlRig/Content/Controls/ControlRig_Box_solid.uexp" 485
"../../../Engine/Plugins/Animation/ControlRig/Content/Controls/ControlRig_Box_3mm.ubulk" 486
"../../../Engine/Plugins/Animation/ControlRig/Content/Controls/ControlRig_Box_3mm.uasset" 487
"../../../Engine/Plugins/Animation/ControlRig/Content/Controls/ControlRig_Box_3mm.uexp" 488
"../../../Engine/Plugins/Animation/ControlRig/Content/Controls/ControlRig_Box_1mm.ubulk" 489
"../../../Engine/Plugins/Animation/ControlRig/Content/Controls/ControlRig_Box_1mm.uasset" 490
"../../../Engine/Plugins/Animation/ControlRig/Content/Controls/ControlRig_Box_1mm.uexp" 491
"../../../Engine/Plugins/Animation/ControlRig/Content/Controls/ControlRig_Arrow_solid.ubulk" 492
"../../../Engine/Plugins/Animation/ControlRig/Content/Controls/ControlRig_Arrow_solid.uasset" 493
"../../../Engine/Plugins/Animation/ControlRig/Content/Controls/ControlRig_Arrow_solid.uexp" 494
"../../../Engine/Plugins/Animation/ControlRig/Content/Controls/ControlRig_Arrow_3mm.ubulk" 495
"../../../Engine/Plugins/Animation/ControlRig/Content/Controls/ControlRig_Arrow_3mm.uasset" 496
"../../../Engine/Plugins/Animation/ControlRig/Content/Controls/ControlRig_Arrow_3mm.uexp" 497
"../../../Engine/Plugins/Animation/ControlRig/Content/Controls/ControlRig_Arrow_1mm.ubulk" 498
"../../../Engine/Plugins/Animation/ControlRig/Content/Controls/ControlRig_Arrow_1mm.uasset" 499
"../../../Engine/Plugins/Animation/ControlRig/Content/Controls/ControlRig_Arrow_1mm.uexp" 500
"../../../Engine/Plugins/Animation/ControlRig/Content/Controls/ControlRig_Arrow4_solid.ubulk" 501
"../../../Engine/Plugins/Animation/ControlRig/Content/Controls/ControlRig_Arrow4_solid.uasset" 502
"../../../Engine/Plugins/Animation/ControlRig/Content/Controls/ControlRig_Arrow4_solid.uexp" 503
"../../../Engine/Plugins/Animation/ControlRig/Content/Controls/ControlRig_Arrow4_3mm.ubulk" 504
"../../../Engine/Plugins/Animation/ControlRig/Content/Controls/ControlRig_Arrow4_3mm.uasset" 505
"../../../Engine/Plugins/Animation/ControlRig/Content/Controls/ControlRig_Arrow4_3mm.uexp" 506
"../../../Engine/Plugins/Animation/ControlRig/Content/Controls/ControlRig_Arrow4_1mm.ubulk" 507
"../../../Engine/Plugins/Animation/ControlRig/Content/Controls/ControlRig_Arrow4_1mm.uasset" 508
"../../../Engine/Plugins/Animation/ControlRig/Content/Controls/ControlRig_Arrow4_1mm.uexp" 509
"../../../Engine/Plugins/Animation/ControlRig/Content/Controls/ControlRig_Arrow2_solid.ubulk" 510
"../../../Engine/Plugins/Animation/ControlRig/Content/Controls/ControlRig_Arrow2_solid.uasset" 511
"../../../Engine/Plugins/Animation/ControlRig/Content/Controls/ControlRig_Arrow2_solid.uexp" 512
"../../../Engine/Plugins/Animation/ControlRig/Content/Controls/ControlRig_Arrow2_3mm.ubulk" 513
"../../../Engine/Plugins/Animation/ControlRig/Content/Controls/ControlRig_Arrow2_3mm.uasset" 514
"../../../Engine/Plugins/Animation/ControlRig/Content/Controls/ControlRig_Arrow2_3mm.uexp" 515
"../../../Engine/Plugins/Animation/ControlRig/Content/Controls/ControlRig_Arrow2_1mm.ubulk" 516
"../../../Engine/Plugins/Animation/ControlRig/Content/Controls/ControlRig_Arrow2_1mm.uasset" 517
"../../../Engine/Plugins/Animation/ControlRig/Content/Controls/ControlRig_Arrow2_1mm.uexp" 518
"../../../Engine/Plugins/Animation/ControlRig/Content/Controls/ControlRigGizmoMaterial.uasset" 519
"../../../Engine/Plugins/Animation/ControlRig/Content/Controls/ControlRigGizmoMaterial.uexp" 520
"../../../Engine/Plugins/Editor/SpeedTreeImporter/Content/SpeedTree9/game_wind_noise.ubulk" 521
"../../../Engine/Plugins/Editor/SpeedTreeImporter/Content/SpeedTree9/game_wind_noise.uasset" 522
"../../../Engine/Plugins/Editor/SpeedTreeImporter/Content/SpeedTree9/game_wind_noise.uexp" 523
"../../../Engine/Plugins/Editor/SpeedTreeImporter/Content/SpeedTree9/UnpackDirection.uasset" 524
"../../../Engine/Plugins/Editor/SpeedTreeImporter/Content/SpeedTree9/UnpackDirection.uexp" 525
"../../../Engine/Content/Functions/Engine_MaterialFunctions02/ObjectLocalBounds.uasset" 526
"../../../Engine/Content/Functions/Engine_MaterialFunctions02/ObjectLocalBounds.uexp" 527
"../../../Engine/Content/Functions/Engine_MaterialFunctions02/UVs/BoundingBoxBased_0-1_UVW.uasset" 528
"../../../Engine/Content/Functions/Engine_MaterialFunctions02/UVs/BoundingBoxBased_0-1_UVW.uexp" 529
"../../../Engine/Content/Functions/Engine_MaterialFunctions02/Utility/VectorLength.uasset" 530
"../../../Engine/Content/Functions/Engine_MaterialFunctions02/Utility/VectorLength.uexp" 531
"../../../Engine/Plugins/Editor/SpeedTreeImporter/Content/SpeedTree9/UnpackInteger3.uasset" 532
"../../../Engine/Plugins/Editor/SpeedTreeImporter/Content/SpeedTree9/UnpackInteger3.uexp" 533
"../../../Engine/Plugins/Editor/SpeedTreeImporter/Content/SpeedTree9/SpeedTreeCameraFacing.uasset" 534
"../../../Engine/Plugins/Editor/SpeedTreeImporter/Content/SpeedTree9/SpeedTreeCameraFacing.uexp" 535
"../../../Engine/Content/Functions/Engine_MaterialFunctions02/WorldPositionOffset/ObjectScale.uasset" 536
"../../../Engine/Content/Functions/Engine_MaterialFunctions02/WorldPositionOffset/ObjectScale.uexp" 537
"../../../Engine/Content/Functions/Engine_MaterialFunctions02/SafeNormalize.uasset" 538
"../../../Engine/Content/Functions/Engine_MaterialFunctions02/SafeNormalize.uexp" 539
"../../../Engine/Plugins/Editor/SpeedTreeImporter/Content/SpeedTree9/SpeedTreeWindMotion.uasset" 540
"../../../Engine/Plugins/Editor/SpeedTreeImporter/Content/SpeedTree9/SpeedTreeWindMotion.uexp" 541
"../../../Engine/Plugins/Editor/SpeedTreeImporter/Content/SpeedTree9/SpeedTreeBranchMotion.uasset" 542
"../../../Engine/Plugins/Editor/SpeedTreeImporter/Content/SpeedTree9/SpeedTreeBranchMotion.uexp" 543
"../../../Engine/Plugins/Editor/SpeedTreeImporter/Content/SpeedTree9/SpeedTreeWind.uasset" 544
"../../../Engine/Plugins/Editor/SpeedTreeImporter/Content/SpeedTree9/SpeedTreeWind.uexp" 545
"../../../Engine/Plugins/Editor/SpeedTreeImporter/Content/SpeedTree9/EmptyNormal.uasset" 546
"../../../Engine/Plugins/Editor/SpeedTreeImporter/Content/SpeedTree9/EmptyNormal.uexp" 547
"../../../Engine/Plugins/Editor/SpeedTreeImporter/Content/SpeedTree9/Empty.uasset" 548
"../../../Engine/Plugins/Editor/SpeedTreeImporter/Content/SpeedTree9/Empty.uexp" 549
"../../../Engine/Plugins/Editor/SpeedTreeImporter/Content/SpeedTree9/SpeedTreeMaster.uasset" 550
"../../../Engine/Plugins/Editor/SpeedTreeImporter/Content/SpeedTree9/SpeedTreeMaster.uexp" 551
"../../../Engine/Plugins/Editor/SpeedTreeImporter/Content/SpeedTree9/SpeedTreeBillboard.uasset" 552
"../../../Engine/Plugins/Editor/SpeedTreeImporter/Content/SpeedTree9/SpeedTreeBillboard.uexp" 553
"../../../Engine/Plugins/Editor/SpeedTreeImporter/Content/SpeedTree9/SpeedTreeBillboardMaster.uasset" 554
"../../../Engine/Plugins/Editor/SpeedTreeImporter/Content/SpeedTree9/SpeedTreeBillboardMaster.uexp" 555
"../../../Engine/Plugins/Runtime/HairStrands/Content/Materials/HairMeshesDefaultMaterial.uasset" 556
"../../../Engine/Plugins/Runtime/HairStrands/Content/Materials/HairMeshesDefaultMaterial.uexp" 557
"../../../Engine/Plugins/Runtime/HairStrands/Content/Materials/HairDefaultMaterial.uasset" 558
"../../../Engine/Plugins/Runtime/HairStrands/Content/Materials/HairDefaultMaterial.uexp" 559
"../../../Engine/Plugins/Runtime/HairStrands/Content/Materials/HairGroupColors.uasset" 560
"../../../Engine/Plugins/Runtime/HairStrands/Content/Materials/HairGroupColors.uexp" 561
"../../../Engine/Content/EngineMaterials/HairColorMap.uasset" 562
"../../../Engine/Content/EngineMaterials/HairColorMap.uexp" 563
"../../../Engine/Content/EngineMaterials/HairDebugColor.uasset" 564
"../../../Engine/Content/EngineMaterials/HairDebugColor.uexp" 565
"../../../Engine/Plugins/Runtime/HairStrands/Content/Materials/HairDebugMaterial.uasset" 566
"../../../Engine/Plugins/Runtime/HairStrands/Content/Materials/HairDebugMaterial.uexp" 567
"../../../Engine/Plugins/Runtime/HairStrands/Content/Materials/HairCardsDefaultMaterial.uasset" 568
"../../../Engine/Plugins/Runtime/HairStrands/Content/Materials/HairCardsDefaultMaterial.uexp" 569
"../../../Engine/Content/Functions/Engine_MaterialFunctions03/Math/RemapValueRange.uasset" 570
"../../../Engine/Content/Functions/Engine_MaterialFunctions03/Math/RemapValueRange.uexp" 571
"F:/UnrealProjects/EE8/Content/Textures/Planet_textures/Clouds/earth_clouds2_8k.uexp" 572
"F:/UnrealProjects/EE8/Content/Textures/Planet_textures/Clouds/earth_clouds2_8k.ubulk" 573
"F:/UnrealProjects/EE8/Content/Textures/Planet_textures/Clouds/earth_clouds2_8k.uasset" 574
"F:/UnrealProjects/EE8/Content/Textures/Planet_textures/Clouds/earth_clouds2_8k.uptnl" 575
"F:/UnrealProjects/EE8/Content/Materials/Clouds/M_clouds.uasset" 576
"F:/UnrealProjects/EE8/Content/Materials/Clouds/M_clouds.uexp" 577
"F:/UnrealProjects/EE8/Content/Materials/Clouds/MI_Mars_2_clouds.uasset" 578
"F:/UnrealProjects/EE8/Content/Materials/Clouds/MI_Mars_2_clouds.uexp" 579
"F:/UnrealProjects/EE8/Content/Materials/Clouds/MI_Venus_5_clouds.uasset" 580
"F:/UnrealProjects/EE8/Content/Materials/Clouds/MI_Venus_5_clouds.uexp" 581
"F:/UnrealProjects/EE8/Content/Textures/Planet_textures/PlanetHard4/venus_rough.uexp" 582
"F:/UnrealProjects/EE8/Content/Textures/Planet_textures/PlanetHard4/venus_rough.ubulk" 583
"F:/UnrealProjects/EE8/Content/Textures/Planet_textures/PlanetHard4/venus_rough.uasset" 584
"F:/UnrealProjects/EE8/Content/Textures/Planet_textures/PlanetHard4/venus_rough.uptnl" 585
"F:/UnrealProjects/EE8/Content/Materials/ML_Ocean.uasset" 586
"F:/UnrealProjects/EE8/Content/Materials/ML_Ocean.uexp" 587
"F:/UnrealProjects/EE8/Content/Textures/Planet_textures/PlanetHard4/venus_norm.uexp" 588
"F:/UnrealProjects/EE8/Content/Textures/Planet_textures/PlanetHard4/venus_norm.ubulk" 589
"F:/UnrealProjects/EE8/Content/Textures/Planet_textures/PlanetHard4/venus_norm.uasset" 590
"F:/UnrealProjects/EE8/Content/Textures/Planet_textures/PlanetHard4/venus_norm.uptnl" 591
"../../../Engine/Content/MaterialTemplates/LayerBlends/T_DefaultMaskTexture.uasset" 592
"../../../Engine/Content/MaterialTemplates/LayerBlends/T_DefaultMaskTexture.uexp" 593
"F:/UnrealProjects/EE8/Content/Materials/MLB_AddEmissive.uasset" 594
"F:/UnrealProjects/EE8/Content/Materials/MLB_AddEmissive.uexp" 595
"F:/UnrealProjects/EE8/Content/Textures/Planet_textures/PlanetHard4/venus_ocean_blur.uexp" 596
"F:/UnrealProjects/EE8/Content/Textures/Planet_textures/PlanetHard4/venus_ocean_blur.ubulk" 597
"F:/UnrealProjects/EE8/Content/Textures/Planet_textures/PlanetHard4/venus_ocean_blur.uasset" 598
"F:/UnrealProjects/EE8/Content/Textures/Planet_textures/PlanetHard4/venus_ocean_blur.uptnl" 599
"F:/UnrealProjects/EE8/Content/Textures/Planet_textures/PlanetHard4/venus_albedo.uexp" 600
"F:/UnrealProjects/EE8/Content/Textures/Planet_textures/PlanetHard4/venus_albedo.ubulk" 601
"F:/UnrealProjects/EE8/Content/Textures/Planet_textures/PlanetHard4/venus_albedo.uasset" 602
"F:/UnrealProjects/EE8/Content/Textures/Planet_textures/PlanetHard4/venus_albedo.uptnl" 603
"../../../Engine/Content/EngineDebugMaterials/HeatmapGradient.ubulk" 604
"../../../Engine/Content/EngineDebugMaterials/HeatmapGradient.uasset" 605
"../../../Engine/Content/EngineDebugMaterials/HeatmapGradient.uexp" 606
"../../../Engine/Content/Functions/Engine_MaterialFunctions01/ImageAdjustment/CheapContrast_RGB.uasset" 607
"../../../Engine/Content/Functions/Engine_MaterialFunctions01/ImageAdjustment/CheapContrast_RGB.uexp" 608
"F:/UnrealProjects/EE8/Content/Textures/Planet_textures/PlanetGas1/jupiter_norm.ubulk" 609
"F:/UnrealProjects/EE8/Content/Textures/Planet_textures/PlanetGas1/jupiter_norm.uasset" 610
"F:/UnrealProjects/EE8/Content/Textures/Planet_textures/PlanetGas1/jupiter_norm.uexp" 611
"F:/UnrealProjects/EE8/Content/Textures/Planet_textures/PlanetGas1/jupiter_albedo.ubulk" 612
"F:/UnrealProjects/EE8/Content/Textures/Planet_textures/PlanetGas1/jupiter_albedo.uasset" 613
"F:/UnrealProjects/EE8/Content/Textures/Planet_textures/PlanetGas1/jupiter_albedo.uexp" 614
"F:/UnrealProjects/EE8/Content/Textures/Planet_textures/PlanetGas1/jupiter_rough.ubulk" 615
"F:/UnrealProjects/EE8/Content/Textures/Planet_textures/PlanetGas1/jupiter_rough.uasset" 616
"F:/UnrealProjects/EE8/Content/Textures/Planet_textures/PlanetGas1/jupiter_rough.uexp" 617
"../../../Engine/Content/Functions/Engine_MaterialFunctions02/HueShift.uasset" 618
"../../../Engine/Content/Functions/Engine_MaterialFunctions02/HueShift.uexp" 619
"F:/UnrealProjects/EE8/Content/Materials/ML_PlanetSurface.uasset" 620
"F:/UnrealProjects/EE8/Content/Materials/ML_PlanetSurface.uexp" 621
"F:/UnrealProjects/EE8/Content/Materials/Planets/M_Planet.uasset" 622
"F:/UnrealProjects/EE8/Content/Materials/Planets/M_Planet.uexp" 623
"F:/UnrealProjects/EE8/Content/Textures/mining_1r.uexp" 624
"F:/UnrealProjects/EE8/Content/Textures/mining_1r.ubulk" 625
"F:/UnrealProjects/EE8/Content/Textures/mining_1r.uasset" 626
"F:/UnrealProjects/EE8/Content/Textures/mining_1r.uptnl" 627
"F:/UnrealProjects/EE8/Content/Materials/MF_ChannelPicker.uasset" 628
"F:/UnrealProjects/EE8/Content/Materials/MF_ChannelPicker.uexp" 629
"F:/UnrealProjects/EE8/Content/Textures/production_1r.uexp" 630
"F:/UnrealProjects/EE8/Content/Textures/production_1r.ubulk" 631
"F:/UnrealProjects/EE8/Content/Textures/production_1r.uasset" 632
"F:/UnrealProjects/EE8/Content/Textures/production_1r.uptnl" 633
"F:/UnrealProjects/EE8/Content/Textures/defense_1r.uexp" 634
"F:/UnrealProjects/EE8/Content/Textures/defense_1r.ubulk" 635
"F:/UnrealProjects/EE8/Content/Textures/defense_1r.uasset" 636
"F:/UnrealProjects/EE8/Content/Textures/defense_1r.uptnl" 637
"F:/UnrealProjects/EE8/Content/Textures/main_1.uexp" 638
"F:/UnrealProjects/EE8/Content/Textures/main_1.ubulk" 639
"F:/UnrealProjects/EE8/Content/Textures/main_1.uasset" 640
"F:/UnrealProjects/EE8/Content/Textures/main_1.uptnl" 641
"F:/UnrealProjects/EE8/Content/Materials/ML_PI.uasset" 642
"F:/UnrealProjects/EE8/Content/Materials/ML_PI.uexp" 643
"F:/UnrealProjects/EE8/Content/Textures/Planet_textures/PlanetHard1/moon_ocean_blur.ubulk" 644
"F:/UnrealProjects/EE8/Content/Textures/Planet_textures/PlanetHard1/moon_ocean_blur.uasset" 645
"F:/UnrealProjects/EE8/Content/Textures/Planet_textures/PlanetHard1/moon_ocean_blur.uexp" 646
"F:/UnrealProjects/EE8/Content/Materials/MLB_Ocean_blend.uasset" 647
"F:/UnrealProjects/EE8/Content/Materials/MLB_Ocean_blend.uexp" 648
"F:/UnrealProjects/EE8/Content/Materials/Planets/MI_Venus.uasset" 649
"F:/UnrealProjects/EE8/Content/Materials/Planets/MI_Venus.uexp" 650
"F:/UnrealProjects/EE8/Content/Materials/Planets/MI_Venus_5.uasset" 651
"F:/UnrealProjects/EE8/Content/Materials/Planets/MI_Venus_5.uexp" 652
"../../../Engine/Content/BasicShapes/Sphere.ubulk" 653
"../../../Engine/Content/BasicShapes/Sphere.uasset" 654
"../../../Engine/Content/BasicShapes/Sphere.uexp" 655
"F:/UnrealProjects/EE8/Content/Misc/PlanetStruct.uasset" 656
"F:/UnrealProjects/EE8/Content/Misc/PlanetStruct.uexp" 657
"F:/UnrealProjects/EE8/Content/Textures/Left-Arrow-PNG-Image.uasset" 658
"F:/UnrealProjects/EE8/Content/Textures/Left-Arrow-PNG-Image.uexp" 659
"F:/UnrealProjects/EE8/Content/Textures/slice14q.uasset" 660
"F:/UnrealProjects/EE8/Content/Textures/slice14q.uexp" 661
"F:/UnrealProjects/EE8/Content/Textures/slice8q.uasset" 662
"F:/UnrealProjects/EE8/Content/Textures/slice8q.uexp" 663
"F:/UnrealProjects/EE8/Content/Textures/slice1q.uasset" 664
"F:/UnrealProjects/EE8/Content/Textures/slice1q.uexp" 665
"F:/UnrealProjects/EE8/Content/Textures/slice16w.uasset" 666
"F:/UnrealProjects/EE8/Content/Textures/slice16w.uexp" 667
"F:/UnrealProjects/EE8/Content/Textures/slice10q.uasset" 668
"F:/UnrealProjects/EE8/Content/Textures/slice10q.uexp" 669
"F:/UnrealProjects/EE8/Content/Widgets/BP_BuildingIconWidget.uasset" 670
"F:/UnrealProjects/EE8/Content/Widgets/BP_BuildingIconWidget.uexp" 671
"F:/UnrealProjects/EE8/Content/Widgets/BP_PlanetWidget.uasset" 672
"F:/UnrealProjects/EE8/Content/Widgets/BP_PlanetWidget.uexp" 673
"../../../Engine/Content/EditorBlueprintResources/StandardMacros.uasset" 674
"../../../Engine/Content/EditorBlueprintResources/StandardMacros.uexp" 675
"F:/UnrealProjects/EE8/Content/Textures/Planet_textures/Clouds/gas_clouds1.uasset" 676
"F:/UnrealProjects/EE8/Content/Textures/Planet_textures/Clouds/gas_clouds1.uexp" 677
"F:/UnrealProjects/EE8/Content/Materials/Clouds/MI_Jupyther_clouds.uasset" 678
"F:/UnrealProjects/EE8/Content/Materials/Clouds/MI_Jupyther_clouds.uexp" 679
"F:/UnrealProjects/EE8/Content/Textures/Planet_textures/Clouds/alien_clouds3.ubulk" 680
"F:/UnrealProjects/EE8/Content/Textures/Planet_textures/Clouds/alien_clouds3.uasset" 681
"F:/UnrealProjects/EE8/Content/Textures/Planet_textures/Clouds/alien_clouds3.uexp" 682
"F:/UnrealProjects/EE8/Content/Materials/Clouds/MI_Enceladus_3_clouds.uasset" 683
"F:/UnrealProjects/EE8/Content/Materials/Clouds/MI_Enceladus_3_clouds.uexp" 684
"F:/UnrealProjects/EE8/Content/Materials/Clouds/MI_Saturn_clouds.uasset" 685
"F:/UnrealProjects/EE8/Content/Materials/Clouds/MI_Saturn_clouds.uexp" 686
"F:/UnrealProjects/EE8/Content/Textures/Planet_textures/PlanetHard1/moon_norm.ubulk" 687
"F:/UnrealProjects/EE8/Content/Textures/Planet_textures/PlanetHard1/moon_norm.uasset" 688
"F:/UnrealProjects/EE8/Content/Textures/Planet_textures/PlanetHard1/moon_norm.uexp" 689
"F:/UnrealProjects/EE8/Content/Textures/Planet_textures/PlanetHard1/moon_albedo.ubulk" 690
"F:/UnrealProjects/EE8/Content/Textures/Planet_textures/PlanetHard1/moon_albedo.uasset" 691
"F:/UnrealProjects/EE8/Content/Textures/Planet_textures/PlanetHard1/moon_albedo.uexp" 692
"F:/UnrealProjects/EE8/Content/Textures/Planet_textures/PlanetHard1/moon_rough.ubulk" 693
"F:/UnrealProjects/EE8/Content/Textures/Planet_textures/PlanetHard1/moon_rough.uasset" 694
"F:/UnrealProjects/EE8/Content/Textures/Planet_textures/PlanetHard1/moon_rough.uexp" 695
"F:/UnrealProjects/EE8/Content/Materials/Planets/MI_Moon.uasset" 696
"F:/UnrealProjects/EE8/Content/Materials/Planets/MI_Moon.uexp" 697
"F:/UnrealProjects/EE8/Content/Materials/Planets/MI_Moon_2.uasset" 698
"F:/UnrealProjects/EE8/Content/Materials/Planets/MI_Moon_2.uexp" 699
"F:/UnrealProjects/EE8/Content/Materials/Planets/MI_Moon_3.uasset" 700
"F:/UnrealProjects/EE8/Content/Materials/Planets/MI_Moon_3.uexp" 701
"F:/UnrealProjects/EE8/Content/Materials/Planets/MI_Moon_4.uasset" 702
"F:/UnrealProjects/EE8/Content/Materials/Planets/MI_Moon_4.uexp" 703
"F:/UnrealProjects/EE8/Content/Textures/Planet_textures/Clouds/earth_clouds1_8k.uexp" 704
"F:/UnrealProjects/EE8/Content/Textures/Planet_textures/Clouds/earth_clouds1_8k.ubulk" 705
"F:/UnrealProjects/EE8/Content/Textures/Planet_textures/Clouds/earth_clouds1_8k.uasset" 706
"F:/UnrealProjects/EE8/Content/Textures/Planet_textures/Clouds/earth_clouds1_8k.uptnl" 707
"F:/UnrealProjects/EE8/Content/Materials/Clouds/MI_mars_clouds.uasset" 708
"F:/UnrealProjects/EE8/Content/Materials/Clouds/MI_mars_clouds.uexp" 709
"F:/UnrealProjects/EE8/Content/Materials/Clouds/MI_mars_5_clouds.uasset" 710
"F:/UnrealProjects/EE8/Content/Materials/Clouds/MI_mars_5_clouds.uexp" 711
"F:/UnrealProjects/EE8/Content/Materials/Clouds/MI_Moon_4_clouds.uasset" 712
"F:/UnrealProjects/EE8/Content/Materials/Clouds/MI_Moon_4_clouds.uexp" 713
"F:/UnrealProjects/EE8/Content/Textures/Planet_textures/Clouds/gas_clouds2.uasset" 714
"F:/UnrealProjects/EE8/Content/Textures/Planet_textures/Clouds/gas_clouds2.uexp" 715
"F:/UnrealProjects/EE8/Content/Materials/Clouds/MI_Jupyther_2_clouds.uasset" 716
"F:/UnrealProjects/EE8/Content/Materials/Clouds/MI_Jupyther_2_clouds.uexp" 717
"F:/UnrealProjects/EE8/Content/Materials/Planets/MI_Venus_2.uasset" 718
"F:/UnrealProjects/EE8/Content/Materials/Planets/MI_Venus_2.uexp" 719
"F:/UnrealProjects/EE8/Content/Materials/Planets/MI_Venus_3.uasset" 720
"F:/UnrealProjects/EE8/Content/Materials/Planets/MI_Venus_3.uexp" 721
"F:/UnrealProjects/EE8/Content/Materials/Planets/MI_Venus_4.uasset" 722
"F:/UnrealProjects/EE8/Content/Materials/Planets/MI_Venus_4.uexp" 723
"F:/UnrealProjects/EE8/Content/Textures/Planet_textures/PlanetHard3/mars_norm.uexp" 724
"F:/UnrealProjects/EE8/Content/Textures/Planet_textures/PlanetHard3/mars_norm.ubulk" 725
"F:/UnrealProjects/EE8/Content/Textures/Planet_textures/PlanetHard3/mars_norm.uasset" 726
"F:/UnrealProjects/EE8/Content/Textures/Planet_textures/PlanetHard3/mars_norm.uptnl" 727
"F:/UnrealProjects/EE8/Content/Textures/Planet_textures/PlanetHard3/mars_rough.uexp" 728
"F:/UnrealProjects/EE8/Content/Textures/Planet_textures/PlanetHard3/mars_rough.ubulk" 729
"F:/UnrealProjects/EE8/Content/Textures/Planet_textures/PlanetHard3/mars_rough.uasset" 730
"F:/UnrealProjects/EE8/Content/Textures/Planet_textures/PlanetHard3/mars_rough.uptnl" 731
"F:/UnrealProjects/EE8/Content/Textures/Planet_textures/PlanetHard3/8k_mars.uexp" 732
"F:/UnrealProjects/EE8/Content/Textures/Planet_textures/PlanetHard3/8k_mars.ubulk" 733
"F:/UnrealProjects/EE8/Content/Textures/Planet_textures/PlanetHard3/8k_mars.uasset" 734
"F:/UnrealProjects/EE8/Content/Textures/Planet_textures/PlanetHard3/8k_mars.uptnl" 735
"F:/UnrealProjects/EE8/Content/Textures/Planet_textures/PlanetHard3/mars_ocean_blur.uexp" 736
"F:/UnrealProjects/EE8/Content/Textures/Planet_textures/PlanetHard3/mars_ocean_blur.ubulk" 737
"F:/UnrealProjects/EE8/Content/Textures/Planet_textures/PlanetHard3/mars_ocean_blur.uasset" 738
"F:/UnrealProjects/EE8/Content/Textures/Planet_textures/PlanetHard3/mars_ocean_blur.uptnl" 739
"F:/UnrealProjects/EE8/Content/Materials/Planets/MI_mars.uasset" 740
"F:/UnrealProjects/EE8/Content/Materials/Planets/MI_mars.uexp" 741
"F:/UnrealProjects/EE8/Content/Materials/Planets/MI_Mars_2.uasset" 742
"F:/UnrealProjects/EE8/Content/Materials/Planets/MI_Mars_2.uexp" 743
"F:/UnrealProjects/EE8/Content/Materials/Planets/MI_mars_3.uasset" 744
"F:/UnrealProjects/EE8/Content/Materials/Planets/MI_mars_3.uexp" 745
"F:/UnrealProjects/EE8/Content/Materials/Planets/MI_mars_4.uasset" 746
"F:/UnrealProjects/EE8/Content/Materials/Planets/MI_mars_4.uexp" 747
"F:/UnrealProjects/EE8/Content/Materials/Planets/MI_mars_5.uasset" 748
"F:/UnrealProjects/EE8/Content/Materials/Planets/MI_mars_5.uexp" 749
"F:/UnrealProjects/EE8/Content/Textures/Planet_textures/Clouds/alien_clouds4.uasset" 750
"F:/UnrealProjects/EE8/Content/Textures/Planet_textures/Clouds/alien_clouds4.uexp" 751
"F:/UnrealProjects/EE8/Content/Materials/Clouds/MI_Enceladus_4_clouds.uasset" 752
"F:/UnrealProjects/EE8/Content/Materials/Clouds/MI_Enceladus_4_clouds.uexp" 753
"F:/UnrealProjects/EE8/Content/Materials/Clouds/MI_Jupyther_3_clouds.uasset" 754
"F:/UnrealProjects/EE8/Content/Materials/Clouds/MI_Jupyther_3_clouds.uexp" 755
"F:/UnrealProjects/EE8/Content/Materials/Clouds/MI_Moon_3_clouds.uasset" 756
"F:/UnrealProjects/EE8/Content/Materials/Clouds/MI_Moon_3_clouds.uexp" 757
"F:/UnrealProjects/EE8/Content/Textures/Planet_textures/PlanetHard2/enceladus_albedo.uexp" 758
"F:/UnrealProjects/EE8/Content/Textures/Planet_textures/PlanetHard2/enceladus_albedo.ubulk" 759
"F:/UnrealProjects/EE8/Content/Textures/Planet_textures/PlanetHard2/enceladus_albedo.uasset" 760
"F:/UnrealProjects/EE8/Content/Textures/Planet_textures/PlanetHard2/enceladus_albedo.uptnl" 761
"F:/UnrealProjects/EE8/Content/Textures/Planet_textures/PlanetHard2/enceladus_norm.uexp" 762
"F:/UnrealProjects/EE8/Content/Textures/Planet_textures/PlanetHard2/enceladus_norm.ubulk" 763
"F:/UnrealProjects/EE8/Content/Textures/Planet_textures/PlanetHard2/enceladus_norm.uasset" 764
"F:/UnrealProjects/EE8/Content/Textures/Planet_textures/PlanetHard2/enceladus_norm.uptnl" 765
"F:/UnrealProjects/EE8/Content/Textures/Planet_textures/PlanetHard2/enceladus_rough.uexp" 766
"F:/UnrealProjects/EE8/Content/Textures/Planet_textures/PlanetHard2/enceladus_rough.ubulk" 767
"F:/UnrealProjects/EE8/Content/Textures/Planet_textures/PlanetHard2/enceladus_rough.uasset" 768
"F:/UnrealProjects/EE8/Content/Textures/Planet_textures/PlanetHard2/enceladus_rough.uptnl" 769
"F:/UnrealProjects/EE8/Content/Materials/Planets/MI_Enceladus.uasset" 770
"F:/UnrealProjects/EE8/Content/Materials/Planets/MI_Enceladus.uexp" 771
"F:/UnrealProjects/EE8/Content/Textures/Planet_textures/PlanetHard2/enceladus_ocean_blur.uexp" 772
"F:/UnrealProjects/EE8/Content/Textures/Planet_textures/PlanetHard2/enceladus_ocean_blur.ubulk" 773
"F:/UnrealProjects/EE8/Content/Textures/Planet_textures/PlanetHard2/enceladus_ocean_blur.uasset" 774
"F:/UnrealProjects/EE8/Content/Textures/Planet_textures/PlanetHard2/enceladus_ocean_blur.uptnl" 775
"F:/UnrealProjects/EE8/Content/Materials/Planets/MI_Enceladus_2.uasset" 776
"F:/UnrealProjects/EE8/Content/Materials/Planets/MI_Enceladus_2.uexp" 777
"F:/UnrealProjects/EE8/Content/Materials/Planets/MI_Enceladus_3.uasset" 778
"F:/UnrealProjects/EE8/Content/Materials/Planets/MI_Enceladus_3.uexp" 779
"F:/UnrealProjects/EE8/Content/Materials/Planets/MI_Enceladus_4.uasset" 780
"F:/UnrealProjects/EE8/Content/Materials/Planets/MI_Enceladus_4.uexp" 781
"F:/UnrealProjects/EE8/Content/Materials/Clouds/MI_mars_3_clouds.uasset" 782
"F:/UnrealProjects/EE8/Content/Materials/Clouds/MI_mars_3_clouds.uexp" 783
"F:/UnrealProjects/EE8/Content/Materials/Clouds/MI_Venus_3_clouds.uasset" 784
"F:/UnrealProjects/EE8/Content/Materials/Clouds/MI_Venus_3_clouds.uexp" 785
"F:/UnrealProjects/EE8/Content/Materials/Clouds/MI_Saturn_2_clouds.uasset" 786
"F:/UnrealProjects/EE8/Content/Materials/Clouds/MI_Saturn_2_clouds.uexp" 787
"F:/UnrealProjects/EE8/Content/Textures/Planet_textures/Clouds/alien_clouds1.ubulk" 788
"F:/UnrealProjects/EE8/Content/Textures/Planet_textures/Clouds/alien_clouds1.uasset" 789
"F:/UnrealProjects/EE8/Content/Textures/Planet_textures/Clouds/alien_clouds1.uexp" 790
"F:/UnrealProjects/EE8/Content/Materials/Clouds/MI_Enceladus_clouds.uasset" 791
"F:/UnrealProjects/EE8/Content/Materials/Clouds/MI_Enceladus_clouds.uexp" 792
"F:/UnrealProjects/EE8/Content/Materials/Planets/MI_Jupyther.uasset" 793
"F:/UnrealProjects/EE8/Content/Materials/Planets/MI_Jupyther.uexp" 794
"F:/UnrealProjects/EE8/Content/Materials/Planets/MI_Jupyther_2.uasset" 795
"F:/UnrealProjects/EE8/Content/Materials/Planets/MI_Jupyther_2.uexp" 796
"F:/UnrealProjects/EE8/Content/Materials/Planets/MI_Jupyther_3.uasset" 797
"F:/UnrealProjects/EE8/Content/Materials/Planets/MI_Jupyther_3.uexp" 798
"F:/UnrealProjects/EE8/Content/Materials/Clouds/MI_Venus_4_clouds.uasset" 799
"F:/UnrealProjects/EE8/Content/Materials/Clouds/MI_Venus_4_clouds.uexp" 800
"F:/UnrealProjects/EE8/Content/Materials/Clouds/MI_mars_4_clouds.uasset" 801
"F:/UnrealProjects/EE8/Content/Materials/Clouds/MI_mars_4_clouds.uexp" 802
"F:/UnrealProjects/EE8/Content/Materials/Clouds/MI_Neptune_clouds.uasset" 803
"F:/UnrealProjects/EE8/Content/Materials/Clouds/MI_Neptune_clouds.uexp" 804
"F:/UnrealProjects/EE8/Content/Textures/Planet_textures/PlanetGas2/neptune_albedo.ubulk" 805
"F:/UnrealProjects/EE8/Content/Textures/Planet_textures/PlanetGas2/neptune_albedo.uasset" 806
"F:/UnrealProjects/EE8/Content/Textures/Planet_textures/PlanetGas2/neptune_albedo.uexp" 807
"F:/UnrealProjects/EE8/Content/Materials/Planets/MI_Neptune.uasset" 808
"F:/UnrealProjects/EE8/Content/Materials/Planets/MI_Neptune.uexp" 809
"F:/UnrealProjects/EE8/Content/Materials/Planets/MI_Neptune_2.uasset" 810
"F:/UnrealProjects/EE8/Content/Materials/Planets/MI_Neptune_2.uexp" 811
"F:/UnrealProjects/EE8/Content/Materials/Planets/MI_Neptune_3.uasset" 812
"F:/UnrealProjects/EE8/Content/Materials/Planets/MI_Neptune_3.uexp" 813
"F:/UnrealProjects/EE8/Content/Materials/Clouds/MI_Neptune_3_clouds.uasset" 814
"F:/UnrealProjects/EE8/Content/Materials/Clouds/MI_Neptune_3_clouds.uexp" 815
"F:/UnrealProjects/EE8/Content/Materials/Clouds/MI_Moon_2_clouds.uasset" 816
"F:/UnrealProjects/EE8/Content/Materials/Clouds/MI_Moon_2_clouds.uexp" 817
"F:/UnrealProjects/EE8/Content/Textures/Planet_textures/Clouds/alien_clouds2.uasset" 818
"F:/UnrealProjects/EE8/Content/Textures/Planet_textures/Clouds/alien_clouds2.uexp" 819
"F:/UnrealProjects/EE8/Content/Materials/Clouds/MI_Enceladus_2_clouds.uasset" 820
"F:/UnrealProjects/EE8/Content/Materials/Clouds/MI_Enceladus_2_clouds.uexp" 821
"F:/UnrealProjects/EE8/Content/Materials/Clouds/MI_Venus_2_clouds.uasset" 822
"F:/UnrealProjects/EE8/Content/Materials/Clouds/MI_Venus_2_clouds.uexp" 823
"F:/UnrealProjects/EE8/Content/Textures/Planet_textures/PlanetGas3/saturn_rough.ubulk" 824
"F:/UnrealProjects/EE8/Content/Textures/Planet_textures/PlanetGas3/saturn_rough.uasset" 825
"F:/UnrealProjects/EE8/Content/Textures/Planet_textures/PlanetGas3/saturn_rough.uexp" 826
"F:/UnrealProjects/EE8/Content/Textures/Planet_textures/PlanetGas3/saturn_norm.ubulk" 827
"F:/UnrealProjects/EE8/Content/Textures/Planet_textures/PlanetGas3/saturn_norm.uasset" 828
"F:/UnrealProjects/EE8/Content/Textures/Planet_textures/PlanetGas3/saturn_norm.uexp" 829
"F:/UnrealProjects/EE8/Content/Textures/Planet_textures/PlanetGas3/saturn_albedo.ubulk" 830
"F:/UnrealProjects/EE8/Content/Textures/Planet_textures/PlanetGas3/saturn_albedo.uasset" 831
"F:/UnrealProjects/EE8/Content/Textures/Planet_textures/PlanetGas3/saturn_albedo.uexp" 832
"F:/UnrealProjects/EE8/Content/Materials/Planets/MI_Saturn.uasset" 833
"F:/UnrealProjects/EE8/Content/Materials/Planets/MI_Saturn.uexp" 834
"F:/UnrealProjects/EE8/Content/Materials/Planets/MI_Saturn_2.uasset" 835
"F:/UnrealProjects/EE8/Content/Materials/Planets/MI_Saturn_2.uexp" 836
"F:/UnrealProjects/EE8/Content/Materials/Clouds/MI_Venus_clouds.uasset" 837
"F:/UnrealProjects/EE8/Content/Materials/Clouds/MI_Venus_clouds.uexp" 838
"F:/UnrealProjects/EE8/Content/Materials/Clouds/MI_Moon_clouds.uasset" 839
"F:/UnrealProjects/EE8/Content/Materials/Clouds/MI_Moon_clouds.uexp" 840
"F:/UnrealProjects/EE8/Content/Materials/Clouds/MI_Neptune_2_clouds.uasset" 841
"F:/UnrealProjects/EE8/Content/Materials/Clouds/MI_Neptune_2_clouds.uexp" 842
"F:/UnrealProjects/EE8/Content/Misc/DT_Planets.uasset" 843
"F:/UnrealProjects/EE8/Content/Misc/DT_Planets.uexp" 844
"F:/UnrealProjects/EE8/Content/Gameplay/BP_Planet.uasset" 845
"F:/UnrealProjects/EE8/Content/Gameplay/BP_Planet.uexp" 846
"F:/UnrealProjects/EE8/Content/Gameplay/BP_Planet_Demo.uasset" 847
"F:/UnrealProjects/EE8/Content/Gameplay/BP_Planet_Demo.uexp" 848
"F:/UnrealProjects/EE8/Content/Materials/MF_StarColorRamp.uasset" 849
"F:/UnrealProjects/EE8/Content/Materials/MF_StarColorRamp.uexp" 850
"F:/UnrealProjects/EE8/Content/Materials/Stars/M_Star.uasset" 851
"F:/UnrealProjects/EE8/Content/Materials/Stars/M_Star.uexp" 852
"F:/UnrealProjects/EE8/Content/Materials/M_OreolOfPlanet.uasset" 853
"F:/UnrealProjects/EE8/Content/Materials/M_OreolOfPlanet.uexp" 854
"F:/UnrealProjects/EE8/Content/Materials/MI_OreolOfPlanet.uasset" 855
"F:/UnrealProjects/EE8/Content/Materials/MI_OreolOfPlanet.uexp" 856
"F:/UnrealProjects/EE8/Content/Materials/Stars/M_Star_Inst2.uasset" 857
"F:/UnrealProjects/EE8/Content/Materials/Stars/M_Star_Inst2.uexp" 858
"F:/UnrealProjects/EE8/Content/Materials/Stars/M_Star_Inst1.uasset" 859
"F:/UnrealProjects/EE8/Content/Materials/Stars/M_Star_Inst1.uexp" 860
"F:/UnrealProjects/EE8/Content/Materials/Stars/M_Star_Inst.uasset" 861
"F:/UnrealProjects/EE8/Content/Materials/Stars/M_Star_Inst.uexp" 862
"F:/UnrealProjects/EE8/Content/Meshes/Light_cruiser_05.ubulk" 863
"F:/UnrealProjects/EE8/Content/Meshes/Light_cruiser_05.uasset" 864
"F:/UnrealProjects/EE8/Content/Meshes/Light_cruiser_05.uexp" 865
"F:/UnrealProjects/EE8/Content/Widgets/NewWidgetBlueprint.uasset" 866
"F:/UnrealProjects/EE8/Content/Widgets/NewWidgetBlueprint.uexp" 867
"F:/UnrealProjects/EE8/Content/Widgets/BP_MainMenuWidget.uasset" 868
"F:/UnrealProjects/EE8/Content/Widgets/BP_MainMenuWidget.uexp" 869
"F:/UnrealProjects/EE8/Content/Textures/slice9q.uasset" 870
"F:/UnrealProjects/EE8/Content/Textures/slice9q.uexp" 871
"F:/UnrealProjects/EE8/Content/Textures/T_Spase_blue.uasset" 872
"F:/UnrealProjects/EE8/Content/Textures/T_Spase_blue.uexp" 873
"F:/UnrealProjects/EE8/Content/Textures/Planet_textures/PlanetGas2/neptune_rough.ubulk" 874
"F:/UnrealProjects/EE8/Content/Textures/Planet_textures/PlanetGas2/neptune_rough.uasset" 875
"F:/UnrealProjects/EE8/Content/Textures/Planet_textures/PlanetGas2/neptune_rough.uexp" 876
"F:/UnrealProjects/EE8/Content/Textures/Planet_textures/PlanetGas2/neptune_norm.ubulk" 877
"F:/UnrealProjects/EE8/Content/Textures/Planet_textures/PlanetGas2/neptune_norm.uasset" 878
"F:/UnrealProjects/EE8/Content/Textures/Planet_textures/PlanetGas2/neptune_norm.uexp" 879
"F:/UnrealProjects/EE8/Content/Misc/Enum_PlanetType.uasset" 880
"F:/UnrealProjects/EE8/Content/Misc/Enum_PlanetType.uexp" 881
"F:/UnrealProjects/EE8/Content/Materials/Clouds/ML_Clouds.uasset" 882
"F:/UnrealProjects/EE8/Content/Materials/Clouds/ML_Clouds.uexp" 883
"F:/UnrealProjects/EE8/Content/Gameplay/BP_Star.uasset" 884
"F:/UnrealProjects/EE8/Content/Gameplay/BP_Star.uexp" 885
"F:/UnrealProjects/EE8/Content/Gameplay/BP_SpaceManager.uasset" 886
"F:/UnrealProjects/EE8/Content/Gameplay/BP_SpaceManager.uexp" 887
"F:/UnrealProjects/EE8/Content/Meshes/equirectangular_projection.ubulk" 888
"F:/UnrealProjects/EE8/Content/Meshes/equirectangular_projection.uasset" 889
"F:/UnrealProjects/EE8/Content/Meshes/equirectangular_projection.uexp" 890
"F:/UnrealProjects/EE8/Content/Textures/StudioHDR_2_StarField_01_8K.uasset" 891
"F:/UnrealProjects/EE8/Content/Textures/StudioHDR_2_StarField_01_8K.uexp" 892
"F:/UnrealProjects/EE8/Content/Materials/SkyboxMaterial.uasset" 893
"F:/UnrealProjects/EE8/Content/Materials/SkyboxMaterial.uexp" 894
"F:/UnrealProjects/EE8/Content/Textures/T_Spase_64.uasset" 895
"F:/UnrealProjects/EE8/Content/Textures/T_Spase_64.uexp" 896
"F:/UnrealProjects/EE8/Content/Materials/M_Ship.uasset" 897
"F:/UnrealProjects/EE8/Content/Materials/M_Ship.uexp" 898
"F:/UnrealProjects/EE8/Content/Materials/MI_Ship_1.uasset" 899
"F:/UnrealProjects/EE8/Content/Materials/MI_Ship_1.uexp" 900
"F:/UnrealProjects/EE8/Content/Meshes/Destroyer_03.ubulk" 901
"F:/UnrealProjects/EE8/Content/Meshes/Destroyer_03.uasset" 902
"F:/UnrealProjects/EE8/Content/Meshes/Destroyer_03.uexp" 903
"F:/UnrealProjects/EE8/Content/Gameplay/BP_TestShip.uasset" 904
"F:/UnrealProjects/EE8/Content/Gameplay/BP_TestShip.uexp" 905
"F:/UnrealProjects/EE8/Content/Gameplay/BP_PlayerState.uasset" 906
"F:/UnrealProjects/EE8/Content/Gameplay/BP_PlayerState.uexp" 907
"F:/UnrealProjects/EE8/Content/Textures/slice4q.uasset" 908
"F:/UnrealProjects/EE8/Content/Textures/slice4q.uexp" 909
"F:/UnrealProjects/EE8/Content/Textures/hexagons-w.uasset" 910
"F:/UnrealProjects/EE8/Content/Textures/hexagons-w.uexp" 911
"F:/UnrealProjects/EE8/Content/Textures/kisspng-gold-bar-w.uasset" 912
"F:/UnrealProjects/EE8/Content/Textures/kisspng-gold-bar-w.uexp" 913
"F:/UnrealProjects/EE8/Content/Widgets/BP_CreateBuilding.uasset" 914
"F:/UnrealProjects/EE8/Content/Widgets/BP_CreateBuilding.uexp" 915
"F:/UnrealProjects/EE8/Content/Textures/3lvl.uasset" 916
"F:/UnrealProjects/EE8/Content/Textures/3lvl.uexp" 917
"F:/UnrealProjects/EE8/Content/Textures/2lvl.uasset" 918
"F:/UnrealProjects/EE8/Content/Textures/2lvl.uexp" 919
"F:/UnrealProjects/EE8/Content/Textures/1lvl.uasset" 920
"F:/UnrealProjects/EE8/Content/Textures/1lvl.uexp" 921
"F:/UnrealProjects/EE8/Content/Widgets/BP_SmallBuildingIcon.uasset" 922
"F:/UnrealProjects/EE8/Content/Widgets/BP_SmallBuildingIcon.uexp" 923
"F:/UnrealProjects/EE8/Content/Widgets/BP_PlanetLineWidget.uasset" 924
"F:/UnrealProjects/EE8/Content/Widgets/BP_PlanetLineWidget.uexp" 925
"F:/UnrealProjects/EE8/Content/Widgets/BP_SystemOverview.uasset" 926
"F:/UnrealProjects/EE8/Content/Widgets/BP_SystemOverview.uexp" 927
"F:/UnrealProjects/EE8/Content/Textures/slice23q.uasset" 928
"F:/UnrealProjects/EE8/Content/Textures/slice23q.uexp" 929
"F:/UnrealProjects/EE8/Content/Widgets/BP_BuildingWidget.uasset" 930
"F:/UnrealProjects/EE8/Content/Widgets/BP_BuildingWidget.uexp" 931
"F:/UnrealProjects/EE8/Content/Gameplay/BPSpaceHUD.uasset" 932
"F:/UnrealProjects/EE8/Content/Gameplay/BPSpaceHUD.uexp" 933
"F:/UnrealProjects/EE8/Content/Gameplay/BP_PlayerController.uasset" 934
"F:/UnrealProjects/EE8/Content/Gameplay/BP_PlayerController.uexp" 935
"F:/UnrealProjects/EE8/Content/Gameplay/BP_GameMode.uasset" 936
"F:/UnrealProjects/EE8/Content/Gameplay/BP_GameMode.uexp" 937
"F:/UnrealProjects/EE8/Content/Maps/MAP_Space.uexp" 938
"F:/UnrealProjects/EE8/Content/Maps/MAP_Space.umap" 939
